#
# There is insufficient memory for the Java Runtime Environment to continue.
# Native memory allocation (malloc) failed to allocate 1835520 bytes for Chunk::new
# Possible reasons:
#   The system is out of physical RAM or swap space
#   The process is running with CompressedOops enabled, and the Java Heap may be blocking the growth of the native heap
# Possible solutions:
#   Reduce memory load on the system
#   Increase physical memory or swap space
#   Check if swap backing store is full
#   Decrease Java heap size (-Xmx/-Xms)
#   Decrease number of Java threads
#   Decrease Java thread stack sizes (-Xss)
#   Set larger code cache with -XX:ReservedCodeCacheSize=
#   JVM is running with Unscaled Compressed Oops mode in which the Java heap is
#     placed in the first 4GB address space. The Java Heap base address is the
#     maximum limit for the native heap growth. Please use -XX:HeapBaseMinAddress
#     to set the Java Heap base and to place the Java Heap above 4GB virtual address.
# This output file may be truncated or incomplete.
#
#  Out of Memory Error (arena.cpp:195), pid=26924, tid=8136
#
# JRE version: OpenJDK Runtime Environment Corretto-16.0.2.7.1 (16.0.2+7) (build 16.0.2+7)
# Java VM: OpenJDK 64-Bit Server VM Corretto-16.0.2.7.1 (16.0.2+7, mixed mode, sharing, tiered, compressed oops, compressed class ptrs, g1 gc, windows-amd64)
# No core dump will be written. Minidumps are not enabled by default on client versions of Windows
#

---------------  S U M M A R Y ------------

Command Line: --add-opens=java.base/java.util=ALL-UNNAMED --add-opens=java.base/java.lang=ALL-UNNAMED --add-opens=java.base/java.lang.invoke=ALL-UNNAMED --add-opens=java.prefs/java.util.prefs=ALL-UNNAMED --add-opens=java.base/java.nio.charset=ALL-UNNAMED --add-opens=java.base/java.net=ALL-UNNAMED --add-opens=java.base/java.util.concurrent.atomic=ALL-UNNAMED -XX:MaxMetaspaceSize=256m -XX:+HeapDumpOnOutOfMemoryError -Xms256m -Xmx512m -Dfile.encoding=UTF-8 -Duser.country=US -Duser.language=en -Duser.variant org.gradle.launcher.daemon.bootstrap.GradleDaemon 7.6

Host: 12th Gen Intel(R) Core(TM) i5-1235U, 12 cores, 7G,  Windows 10 , 64 bit Build 26100 (10.0.26100.4202)
Time: Tue Jul 15 18:40:00 2025 Eastern Daylight Time elapsed time: 130.337346 seconds (0d 0h 2m 10s)

---------------  T H R E A D  ---------------

Current thread (0x0000021279c08340):  JavaThread "C2 CompilerThread0" daemon [_thread_in_native, id=8136, stack(0x0000003967c00000,0x0000003967d00000)]


Current CompileTask:
C2: 130340 4114       4       org.objectweb.asm.MethodVisitor::visitMethodInsn (80 bytes)

Stack: [0x0000003967c00000,0x0000003967d00000]
Native frames: (J=compiled Java code, j=interpreted, Vv=VM code, C=native code)
V  [jvm.dll+0x647e0a]
V  [jvm.dll+0x7f0549]
V  [jvm.dll+0x7f1cfe]
V  [jvm.dll+0x7f2343]
V  [jvm.dll+0x23dd88]
V  [jvm.dll+0xc879a]
V  [jvm.dll+0xc8d4c]
V  [jvm.dll+0x351627]
V  [jvm.dll+0x1b730a]
V  [jvm.dll+0x210a7f]
V  [jvm.dll+0x20ff17]
V  [jvm.dll+0x1a0d9b]
V  [jvm.dll+0x21f909]
V  [jvm.dll+0x21da9b]
V  [jvm.dll+0x7a8662]
V  [jvm.dll+0x7a223a]
V  [jvm.dll+0x646c46]
C  [ucrtbase.dll+0x37b0]
C  [KERNEL32.DLL+0x2e8d7]
C  [ntdll.dll+0x3c34c]


---------------  P R O C E S S  ---------------

Threads class SMR info:
_java_thread_list=0x000002127c125660, length=38, elements={
0x000002126c56a190, 0x0000021279be58e0, 0x0000021279be8710, 0x0000021279bf1990,
0x0000021279bf55c0, 0x0000021279bf7ee0, 0x0000021279c02320, 0x0000021279c08340,
0x0000021279c08d40, 0x0000021279c0b210, 0x000002127a91a280, 0x000002127a9267c0,
0x000002127b0ee620, 0x000002127c1d0c60, 0x000002127c1ded30, 0x000002127b89ace0,
0x000002127b108770, 0x000002127bf4f180, 0x000002127be7b0a0, 0x000002127be7c090,
0x000002127be7b5f0, 0x000002127be7c5e0, 0x000002127be7cb30, 0x000002127be7d080,
0x000002127be7d5d0, 0x000002127be7a0b0, 0x000002127be7a600, 0x000002127be7ab50,
0x000002127be7bb40, 0x000002127ca957a0, 0x000002127ca93270, 0x000002127ca94260,
0x000002127ca94d00, 0x000002127ca927d0, 0x000002127ca92d20, 0x000002127ca937c0,
0x000002127ca95cf0, 0x000002127ca93d10
}

Java Threads: ( => current thread )
  0x000002126c56a190 JavaThread "main" [_thread_blocked, id=23800, stack(0x0000003966f00000,0x0000003967000000)]
  0x0000021279be58e0 JavaThread "Reference Handler" daemon [_thread_blocked, id=13432, stack(0x0000003967600000,0x0000003967700000)]
  0x0000021279be8710 JavaThread "Finalizer" daemon [_thread_blocked, id=23716, stack(0x0000003967700000,0x0000003967800000)]
  0x0000021279bf1990 JavaThread "Signal Dispatcher" daemon [_thread_blocked, id=27440, stack(0x0000003967800000,0x0000003967900000)]
  0x0000021279bf55c0 JavaThread "Attach Listener" daemon [_thread_blocked, id=12928, stack(0x0000003967900000,0x0000003967a00000)]
  0x0000021279bf7ee0 JavaThread "Service Thread" daemon [_thread_blocked, id=21884, stack(0x0000003967a00000,0x0000003967b00000)]
  0x0000021279c02320 JavaThread "Monitor Deflation Thread" daemon [_thread_blocked, id=38688, stack(0x0000003967b00000,0x0000003967c00000)]
=>0x0000021279c08340 JavaThread "C2 CompilerThread0" daemon [_thread_in_native, id=8136, stack(0x0000003967c00000,0x0000003967d00000)]
  0x0000021279c08d40 JavaThread "C1 CompilerThread0" daemon [_thread_blocked, id=37452, stack(0x0000003967d00000,0x0000003967e00000)]
  0x0000021279c0b210 JavaThread "Sweeper thread" daemon [_thread_blocked, id=22920, stack(0x0000003967e00000,0x0000003967f00000)]
  0x000002127a91a280 JavaThread "Common-Cleaner" daemon [_thread_blocked, id=36124, stack(0x0000003967f00000,0x0000003968000000)]
  0x000002127a9267c0 JavaThread "Notification Thread" daemon [_thread_blocked, id=12644, stack(0x0000003968000000,0x0000003968100000)]
  0x000002127b0ee620 JavaThread "Daemon health stats" [_thread_blocked, id=4076, stack(0x0000003966c00000,0x0000003966d00000)]
  0x000002127c1d0c60 JavaThread "Incoming local TCP Connector on port 56877" [_thread_in_native, id=22456, stack(0x0000003966e00000,0x0000003966f00000)]
  0x000002127c1ded30 JavaThread "Daemon periodic checks" [_thread_blocked, id=28048, stack(0x0000003968700000,0x0000003968800000)]
  0x000002127b89ace0 JavaThread "Daemon" [_thread_blocked, id=10652, stack(0x0000003968e00000,0x0000003968f00000)]
  0x000002127b108770 JavaThread "Handler for socket connection from /127.0.0.1:56877 to /127.0.0.1:56878" [_thread_in_native, id=9308, stack(0x0000003968f00000,0x0000003969000000)]
  0x000002127bf4f180 JavaThread "Cancel handler" [_thread_blocked, id=5176, stack(0x0000003969000000,0x0000003969100000)]
  0x000002127be7b0a0 JavaThread "Daemon worker" [_thread_in_vm, id=5204, stack(0x0000003969100000,0x0000003969200000)]
  0x000002127be7c090 JavaThread "Asynchronous log dispatcher for DefaultDaemonConnection: socket connection from /127.0.0.1:56877 to /127.0.0.1:56878" [_thread_blocked, id=34676, stack(0x0000003969200000,0x0000003969300000)]
  0x000002127be7b5f0 JavaThread "Stdin handler" [_thread_blocked, id=33144, stack(0x0000003969300000,0x0000003969400000)]
  0x000002127be7c5e0 JavaThread "Daemon client event forwarder" [_thread_blocked, id=20688, stack(0x0000003969400000,0x0000003969500000)]
  0x000002127be7cb30 JavaThread "Cache worker for journal cache (C:\Users\gunch\.gradle\caches\journal-1)" [_thread_blocked, id=18032, stack(0x0000003969500000,0x0000003969600000)]
  0x000002127be7d080 JavaThread "File lock request listener" [_thread_in_native, id=14816, stack(0x0000003969600000,0x0000003969700000)]
  0x000002127be7d5d0 JavaThread "Cache worker for file hash cache (C:\Users\gunch\.gradle\caches\7.6\fileHashes)" [_thread_blocked, id=32268, stack(0x0000003969700000,0x0000003969800000)]
  0x000002127be7a0b0 JavaThread "File watcher server" daemon [_thread_in_native, id=26584, stack(0x0000003969800000,0x0000003969900000)]
  0x000002127be7a600 JavaThread "File watcher consumer" daemon [_thread_blocked, id=16148, stack(0x0000003969900000,0x0000003969a00000)]
  0x000002127be7ab50 JavaThread "Cache worker for checksums cache (C:\Users\gunch\Documents\bloomtech\Labs\Unit1\Sprint1\mod2\BloomCodeCamp-be-a-starter-main\.gradle\7.6\checksums)" [_thread_blocked, id=30284, stack(0x0000003969a00000,0x0000003969b00000)]
  0x000002127be7bb40 JavaThread "Cache worker for cache directory md-rule (C:\Users\gunch\.gradle\caches\7.6\md-rule)" [_thread_blocked, id=12156, stack(0x0000003969b00000,0x0000003969c00000)]
  0x000002127ca957a0 JavaThread "Cache worker for file content cache (C:\Users\gunch\.gradle\caches\7.6\fileContent)" [_thread_blocked, id=32408, stack(0x0000003969c00000,0x0000003969d00000)]
  0x000002127ca93270 JavaThread "Cache worker for file hash cache (C:\Users\gunch\Documents\bloomtech\Labs\Unit1\Sprint1\mod2\BloomCodeCamp-be-a-starter-main\.gradle\7.6\fileHashes)" [_thread_blocked, id=33860, stack(0x0000003969f00000,0x000000396a000000)]
  0x000002127ca94260 JavaThread "Cache worker for cache directory md-supplier (C:\Users\gunch\.gradle\caches\7.6\md-supplier)" [_thread_blocked, id=2864, stack(0x000000396a000000,0x000000396a100000)]
  0x000002127ca94d00 JavaThread "Cache worker for execution history cache (C:\Users\gunch\.gradle\caches\7.6\executionHistory)" [_thread_blocked, id=39568, stack(0x000000396a100000,0x000000396a200000)]
  0x000002127ca927d0 JavaThread "jar transforms" [_thread_blocked, id=10824, stack(0x000000396a200000,0x000000396a300000)]
  0x000002127ca92d20 JavaThread "jar transforms Thread 2" [_thread_blocked, id=19340, stack(0x000000396a300000,0x000000396a400000)]
  0x000002127ca937c0 JavaThread "jar transforms Thread 3" [_thread_blocked, id=35628, stack(0x000000396a400000,0x000000396a500000)]
  0x000002127ca95cf0 JavaThread "jar transforms Thread 4" [_thread_blocked, id=35980, stack(0x000000396a500000,0x000000396a600000)]
  0x000002127ca93d10 JavaThread "jar transforms Thread 5" [_thread_blocked, id=31300, stack(0x000000396a600000,0x000000396a700000)]

Other Threads:
  0x0000021279bdca70 VMThread "VM Thread" [stack: 0x0000003967500000,0x0000003967600000] [id=27500]
  0x000002127a926ce0 WatcherThread [stack: 0x0000003968100000,0x0000003968200000] [id=4292]
  0x000002126c591020 GCTaskThread "GC Thread#0" [stack: 0x0000003967000000,0x0000003967100000] [id=14072]
  0x000002127b3fe0a0 GCTaskThread "GC Thread#1" [stack: 0x0000003968200000,0x0000003968300000] [id=1724]
  0x000002127b0f3640 GCTaskThread "GC Thread#2" [stack: 0x0000003968300000,0x0000003968400000] [id=28612]
  0x000002127b0f3950 GCTaskThread "GC Thread#3" [stack: 0x0000003968400000,0x0000003968500000] [id=22984]
  0x000002127b0f3c60 GCTaskThread "GC Thread#4" [stack: 0x0000003968500000,0x0000003968600000] [id=1256]
  0x000002127b0f3f70 GCTaskThread "GC Thread#5" [stack: 0x0000003968600000,0x0000003968700000] [id=22608]
  0x000002127c1fcb20 GCTaskThread "GC Thread#6" [stack: 0x0000003968800000,0x0000003968900000] [id=17812]
  0x000002127b0327f0 GCTaskThread "GC Thread#7" [stack: 0x0000003968900000,0x0000003968a00000] [id=38256]
  0x000002127b3e1310 GCTaskThread "GC Thread#8" [stack: 0x0000003968a00000,0x0000003968b00000] [id=37416]
  0x000002127c1cf840 GCTaskThread "GC Thread#9" [stack: 0x0000003968b00000,0x0000003968c00000] [id=9252]
  0x000002126c5973e0 ConcurrentGCThread "G1 Main Marker" [stack: 0x0000003967100000,0x0000003967200000] [id=21840]
  0x000002126c597d60 ConcurrentGCThread "G1 Conc#0" [stack: 0x0000003967200000,0x0000003967300000] [id=23384]
  0x000002127bf7cc70 ConcurrentGCThread "G1 Conc#1" [stack: 0x0000003969d00000,0x0000003969e00000] [id=18204]
  0x000002127c85d160 ConcurrentGCThread "G1 Conc#2" [stack: 0x0000003969e00000,0x0000003969f00000] [id=25624]
  0x000002126c63bdc0 ConcurrentGCThread "G1 Refine#0" [stack: 0x0000003967300000,0x0000003967400000] [id=6076]
  0x000002126c63c750 ConcurrentGCThread "G1 Service" [stack: 0x0000003967400000,0x0000003967500000] [id=1688]

Threads with active compile tasks:
C2 CompilerThread0   132237 4114       4       org.objectweb.asm.MethodVisitor::visitMethodInsn (80 bytes)

VM state: not at safepoint (normal execution)

VM Mutex/Monitor currently owned by a thread: None

Heap address: 0x00000000e0000000, size: 512 MB, Compressed Oops mode: 32-bit

CDS archive(s) mapped at: [0x0000000800000000-0x0000000800be0000-0x0000000800be0000), size 12451840, SharedBaseAddress: 0x0000000800000000, ArchiveRelocationMode: 0.
Compressed class space mapped at: 0x0000000800c00000-0x000000080dc00000, reserved size: 218103808
Narrow klass base: 0x0000000800000000, Narrow klass shift: 3, Narrow klass range: 0x100000000

GC Precious Log:
 CPUs: 12 total, 12 available
 Memory: 7750M
 Large Page Support: Disabled
 NUMA Support: Disabled
 Compressed Oops: Enabled (32-bit)
 Heap Region Size: 1M
 Heap Min Capacity: 256M
 Heap Initial Capacity: 256M
 Heap Max Capacity: 512M
 Pre-touch: Disabled
 Parallel Workers: 10
 Concurrent Workers: 3
 Concurrent Refinement Workers: 10
 Periodic GC: Disabled

Heap:
 garbage-first heap   total 262144K, used 38338K [0x00000000e0000000, 0x0000000100000000)
  region size 1024K, 23 young (23552K), 13 survivors (13312K)
 Metaspace       used 35690K, committed 36096K, reserved 245760K
  class space    used 4795K, committed 4992K, reserved 212992K

Heap Regions: E=young(eden), S=young(survivor), O=old, HS=humongous(starts), HC=humongous(continues), CS=collection set, F=free, OA=open archive, CA=closed archive, TAMS=top-at-mark-start (previous, next)
|   0|0x00000000e0000000, 0x00000000e0100000, 0x00000000e0100000|100%|HS|  |TAMS 0x00000000e0100000, 0x00000000e0000000| Complete 
|   1|0x00000000e0100000, 0x00000000e0200000, 0x00000000e0200000|100%|HC|  |TAMS 0x00000000e0200000, 0x00000000e0100000| Complete 
|   2|0x00000000e0200000, 0x00000000e0300000, 0x00000000e0300000|100%|HC|  |TAMS 0x00000000e0300000, 0x00000000e0200000| Complete 
|   3|0x00000000e0300000, 0x00000000e0400000, 0x00000000e0400000|100%| O|  |TAMS 0x00000000e0400000, 0x00000000e0300000| Untracked 
|   4|0x00000000e0400000, 0x00000000e0500000, 0x00000000e0500000|100%| O|  |TAMS 0x00000000e0500000, 0x00000000e0400000| Untracked 
|   5|0x00000000e0500000, 0x00000000e0600000, 0x00000000e0600000|100%| O|  |TAMS 0x00000000e0600000, 0x00000000e0500000| Untracked 
|   6|0x00000000e0600000, 0x00000000e0700000, 0x00000000e0700000|100%| O|  |TAMS 0x00000000e0700000, 0x00000000e0600000| Untracked 
|   7|0x00000000e0700000, 0x00000000e0800000, 0x00000000e0800000|100%| O|  |TAMS 0x00000000e0800000, 0x00000000e0700000| Untracked 
|   8|0x00000000e0800000, 0x00000000e0900000, 0x00000000e0900000|100%| O|  |TAMS 0x00000000e0900000, 0x00000000e0800000| Untracked 
|   9|0x00000000e0900000, 0x00000000e0a00000, 0x00000000e0a00000|100%| O|  |TAMS 0x00000000e0a00000, 0x00000000e0900000| Untracked 
|  10|0x00000000e0a00000, 0x00000000e0b00000, 0x00000000e0b00000|100%| O|  |TAMS 0x00000000e0b00000, 0x00000000e0a00000| Untracked 
|  11|0x00000000e0b00000, 0x00000000e0c00000, 0x00000000e0c00000|100%| O|  |TAMS 0x00000000e0c00000, 0x00000000e0b00000| Untracked 
|  12|0x00000000e0c00000, 0x00000000e0d00000, 0x00000000e0d00000|100%| O|  |TAMS 0x00000000e0d00000, 0x00000000e0c00000| Untracked 
|  13|0x00000000e0d00000, 0x00000000e0e00000, 0x00000000e0e00000|100%| O|  |TAMS 0x00000000e0e00000, 0x00000000e0d00000| Untracked 
|  14|0x00000000e0e00000, 0x00000000e0f00000, 0x00000000e0f00000|100%| O|  |TAMS 0x00000000e0f00000, 0x00000000e0e00000| Untracked 
|  15|0x00000000e0f00000, 0x00000000e0ffaa00, 0x00000000e1000000| 97%| O|  |TAMS 0x00000000e0ffaa00, 0x00000000e0f00000| Untracked 
|  16|0x00000000e1000000, 0x00000000e1000000, 0x00000000e1100000|  0%| F|  |TAMS 0x00000000e1000000, 0x00000000e1000000| Untracked 
|  17|0x00000000e1100000, 0x00000000e1100000, 0x00000000e1200000|  0%| F|  |TAMS 0x00000000e1100000, 0x00000000e1100000| Untracked 
|  18|0x00000000e1200000, 0x00000000e1200000, 0x00000000e1300000|  0%| F|  |TAMS 0x00000000e1200000, 0x00000000e1200000| Untracked 
|  19|0x00000000e1300000, 0x00000000e1300000, 0x00000000e1400000|  0%| F|  |TAMS 0x00000000e1300000, 0x00000000e1300000| Untracked 
|  20|0x00000000e1400000, 0x00000000e1400000, 0x00000000e1500000|  0%| F|  |TAMS 0x00000000e1400000, 0x00000000e1400000| Untracked 
|  21|0x00000000e1500000, 0x00000000e1500000, 0x00000000e1600000|  0%| F|  |TAMS 0x00000000e1500000, 0x00000000e1500000| Untracked 
|  22|0x00000000e1600000, 0x00000000e1600000, 0x00000000e1700000|  0%| F|  |TAMS 0x00000000e1600000, 0x00000000e1600000| Untracked 
|  23|0x00000000e1700000, 0x00000000e1700000, 0x00000000e1800000|  0%| F|  |TAMS 0x00000000e1700000, 0x00000000e1700000| Untracked 
|  24|0x00000000e1800000, 0x00000000e1800000, 0x00000000e1900000|  0%| F|  |TAMS 0x00000000e1800000, 0x00000000e1800000| Untracked 
|  25|0x00000000e1900000, 0x00000000e1900000, 0x00000000e1a00000|  0%| F|  |TAMS 0x00000000e1900000, 0x00000000e1900000| Untracked 
|  26|0x00000000e1a00000, 0x00000000e1a00000, 0x00000000e1b00000|  0%| F|  |TAMS 0x00000000e1a00000, 0x00000000e1a00000| Untracked 
|  27|0x00000000e1b00000, 0x00000000e1b00000, 0x00000000e1c00000|  0%| F|  |TAMS 0x00000000e1b00000, 0x00000000e1b00000| Untracked 
|  28|0x00000000e1c00000, 0x00000000e1c00000, 0x00000000e1d00000|  0%| F|  |TAMS 0x00000000e1c00000, 0x00000000e1c00000| Untracked 
|  29|0x00000000e1d00000, 0x00000000e1d00000, 0x00000000e1e00000|  0%| F|  |TAMS 0x00000000e1d00000, 0x00000000e1d00000| Untracked 
|  30|0x00000000e1e00000, 0x00000000e1e00000, 0x00000000e1f00000|  0%| F|  |TAMS 0x00000000e1e00000, 0x00000000e1e00000| Untracked 
|  31|0x00000000e1f00000, 0x00000000e1f00000, 0x00000000e2000000|  0%| F|  |TAMS 0x00000000e1f00000, 0x00000000e1f00000| Untracked 
|  32|0x00000000e2000000, 0x00000000e2000000, 0x00000000e2100000|  0%| F|  |TAMS 0x00000000e2000000, 0x00000000e2000000| Untracked 
|  33|0x00000000e2100000, 0x00000000e2100000, 0x00000000e2200000|  0%| F|  |TAMS 0x00000000e2100000, 0x00000000e2100000| Untracked 
|  34|0x00000000e2200000, 0x00000000e2200000, 0x00000000e2300000|  0%| F|  |TAMS 0x00000000e2200000, 0x00000000e2200000| Untracked 
|  35|0x00000000e2300000, 0x00000000e2300000, 0x00000000e2400000|  0%| F|  |TAMS 0x00000000e2300000, 0x00000000e2300000| Untracked 
|  36|0x00000000e2400000, 0x00000000e2400000, 0x00000000e2500000|  0%| F|  |TAMS 0x00000000e2400000, 0x00000000e2400000| Untracked 
|  37|0x00000000e2500000, 0x00000000e2500000, 0x00000000e2600000|  0%| F|  |TAMS 0x00000000e2500000, 0x00000000e2500000| Untracked 
|  38|0x00000000e2600000, 0x00000000e2600000, 0x00000000e2700000|  0%| F|  |TAMS 0x00000000e2600000, 0x00000000e2600000| Untracked 
|  39|0x00000000e2700000, 0x00000000e2700000, 0x00000000e2800000|  0%| F|  |TAMS 0x00000000e2700000, 0x00000000e2700000| Untracked 
|  40|0x00000000e2800000, 0x00000000e2800000, 0x00000000e2900000|  0%| F|  |TAMS 0x00000000e2800000, 0x00000000e2800000| Untracked 
|  41|0x00000000e2900000, 0x00000000e2900000, 0x00000000e2a00000|  0%| F|  |TAMS 0x00000000e2900000, 0x00000000e2900000| Untracked 
|  42|0x00000000e2a00000, 0x00000000e2a00000, 0x00000000e2b00000|  0%| F|  |TAMS 0x00000000e2a00000, 0x00000000e2a00000| Untracked 
|  43|0x00000000e2b00000, 0x00000000e2b00000, 0x00000000e2c00000|  0%| F|  |TAMS 0x00000000e2b00000, 0x00000000e2b00000| Untracked 
|  44|0x00000000e2c00000, 0x00000000e2c00000, 0x00000000e2d00000|  0%| F|  |TAMS 0x00000000e2c00000, 0x00000000e2c00000| Untracked 
|  45|0x00000000e2d00000, 0x00000000e2d00000, 0x00000000e2e00000|  0%| F|  |TAMS 0x00000000e2d00000, 0x00000000e2d00000| Untracked 
|  46|0x00000000e2e00000, 0x00000000e2e00000, 0x00000000e2f00000|  0%| F|  |TAMS 0x00000000e2e00000, 0x00000000e2e00000| Untracked 
|  47|0x00000000e2f00000, 0x00000000e2f00000, 0x00000000e3000000|  0%| F|  |TAMS 0x00000000e2f00000, 0x00000000e2f00000| Untracked 
|  48|0x00000000e3000000, 0x00000000e3000000, 0x00000000e3100000|  0%| F|  |TAMS 0x00000000e3000000, 0x00000000e3000000| Untracked 
|  49|0x00000000e3100000, 0x00000000e3100000, 0x00000000e3200000|  0%| F|  |TAMS 0x00000000e3100000, 0x00000000e3100000| Untracked 
|  50|0x00000000e3200000, 0x00000000e3200000, 0x00000000e3300000|  0%| F|  |TAMS 0x00000000e3200000, 0x00000000e3200000| Untracked 
|  51|0x00000000e3300000, 0x00000000e3300000, 0x00000000e3400000|  0%| F|  |TAMS 0x00000000e3300000, 0x00000000e3300000| Untracked 
|  52|0x00000000e3400000, 0x00000000e3400000, 0x00000000e3500000|  0%| F|  |TAMS 0x00000000e3400000, 0x00000000e3400000| Untracked 
|  53|0x00000000e3500000, 0x00000000e3500000, 0x00000000e3600000|  0%| F|  |TAMS 0x00000000e3500000, 0x00000000e3500000| Untracked 
|  54|0x00000000e3600000, 0x00000000e3600000, 0x00000000e3700000|  0%| F|  |TAMS 0x00000000e3600000, 0x00000000e3600000| Untracked 
|  55|0x00000000e3700000, 0x00000000e3700000, 0x00000000e3800000|  0%| F|  |TAMS 0x00000000e3700000, 0x00000000e3700000| Untracked 
|  56|0x00000000e3800000, 0x00000000e3800000, 0x00000000e3900000|  0%| F|  |TAMS 0x00000000e3800000, 0x00000000e3800000| Untracked 
|  57|0x00000000e3900000, 0x00000000e3900000, 0x00000000e3a00000|  0%| F|  |TAMS 0x00000000e3900000, 0x00000000e3900000| Untracked 
|  58|0x00000000e3a00000, 0x00000000e3a00000, 0x00000000e3b00000|  0%| F|  |TAMS 0x00000000e3a00000, 0x00000000e3a00000| Untracked 
|  59|0x00000000e3b00000, 0x00000000e3b00000, 0x00000000e3c00000|  0%| F|  |TAMS 0x00000000e3b00000, 0x00000000e3b00000| Untracked 
|  60|0x00000000e3c00000, 0x00000000e3c00000, 0x00000000e3d00000|  0%| F|  |TAMS 0x00000000e3c00000, 0x00000000e3c00000| Untracked 
|  61|0x00000000e3d00000, 0x00000000e3d00000, 0x00000000e3e00000|  0%| F|  |TAMS 0x00000000e3d00000, 0x00000000e3d00000| Untracked 
|  62|0x00000000e3e00000, 0x00000000e3e00000, 0x00000000e3f00000|  0%| F|  |TAMS 0x00000000e3e00000, 0x00000000e3e00000| Untracked 
|  63|0x00000000e3f00000, 0x00000000e3f00000, 0x00000000e4000000|  0%| F|  |TAMS 0x00000000e3f00000, 0x00000000e3f00000| Untracked 
|  64|0x00000000e4000000, 0x00000000e4000000, 0x00000000e4100000|  0%| F|  |TAMS 0x00000000e4000000, 0x00000000e4000000| Untracked 
|  65|0x00000000e4100000, 0x00000000e4100000, 0x00000000e4200000|  0%| F|  |TAMS 0x00000000e4100000, 0x00000000e4100000| Untracked 
|  66|0x00000000e4200000, 0x00000000e4200000, 0x00000000e4300000|  0%| F|  |TAMS 0x00000000e4200000, 0x00000000e4200000| Untracked 
|  67|0x00000000e4300000, 0x00000000e4300000, 0x00000000e4400000|  0%| F|  |TAMS 0x00000000e4300000, 0x00000000e4300000| Untracked 
|  68|0x00000000e4400000, 0x00000000e4400000, 0x00000000e4500000|  0%| F|  |TAMS 0x00000000e4400000, 0x00000000e4400000| Untracked 
|  69|0x00000000e4500000, 0x00000000e4500000, 0x00000000e4600000|  0%| F|  |TAMS 0x00000000e4500000, 0x00000000e4500000| Untracked 
|  70|0x00000000e4600000, 0x00000000e4600000, 0x00000000e4700000|  0%| F|  |TAMS 0x00000000e4600000, 0x00000000e4600000| Untracked 
|  71|0x00000000e4700000, 0x00000000e4700000, 0x00000000e4800000|  0%| F|  |TAMS 0x00000000e4700000, 0x00000000e4700000| Untracked 
|  72|0x00000000e4800000, 0x00000000e4800000, 0x00000000e4900000|  0%| F|  |TAMS 0x00000000e4800000, 0x00000000e4800000| Untracked 
|  73|0x00000000e4900000, 0x00000000e4900000, 0x00000000e4a00000|  0%| F|  |TAMS 0x00000000e4900000, 0x00000000e4900000| Untracked 
|  74|0x00000000e4a00000, 0x00000000e4a00000, 0x00000000e4b00000|  0%| F|  |TAMS 0x00000000e4a00000, 0x00000000e4a00000| Untracked 
|  75|0x00000000e4b00000, 0x00000000e4b00000, 0x00000000e4c00000|  0%| F|  |TAMS 0x00000000e4b00000, 0x00000000e4b00000| Untracked 
|  76|0x00000000e4c00000, 0x00000000e4c00000, 0x00000000e4d00000|  0%| F|  |TAMS 0x00000000e4c00000, 0x00000000e4c00000| Untracked 
|  77|0x00000000e4d00000, 0x00000000e4d00000, 0x00000000e4e00000|  0%| F|  |TAMS 0x00000000e4d00000, 0x00000000e4d00000| Untracked 
|  78|0x00000000e4e00000, 0x00000000e4e00000, 0x00000000e4f00000|  0%| F|  |TAMS 0x00000000e4e00000, 0x00000000e4e00000| Untracked 
|  79|0x00000000e4f00000, 0x00000000e4f00000, 0x00000000e5000000|  0%| F|  |TAMS 0x00000000e4f00000, 0x00000000e4f00000| Untracked 
|  80|0x00000000e5000000, 0x00000000e5000000, 0x00000000e5100000|  0%| F|  |TAMS 0x00000000e5000000, 0x00000000e5000000| Untracked 
|  81|0x00000000e5100000, 0x00000000e5100000, 0x00000000e5200000|  0%| F|  |TAMS 0x00000000e5100000, 0x00000000e5100000| Untracked 
|  82|0x00000000e5200000, 0x00000000e5200000, 0x00000000e5300000|  0%| F|  |TAMS 0x00000000e5200000, 0x00000000e5200000| Untracked 
|  83|0x00000000e5300000, 0x00000000e5300000, 0x00000000e5400000|  0%| F|  |TAMS 0x00000000e5300000, 0x00000000e5300000| Untracked 
|  84|0x00000000e5400000, 0x00000000e5400000, 0x00000000e5500000|  0%| F|  |TAMS 0x00000000e5400000, 0x00000000e5400000| Untracked 
|  85|0x00000000e5500000, 0x00000000e5500000, 0x00000000e5600000|  0%| F|  |TAMS 0x00000000e5500000, 0x00000000e5500000| Untracked 
|  86|0x00000000e5600000, 0x00000000e5600000, 0x00000000e5700000|  0%| F|  |TAMS 0x00000000e5600000, 0x00000000e5600000| Untracked 
|  87|0x00000000e5700000, 0x00000000e5700000, 0x00000000e5800000|  0%| F|  |TAMS 0x00000000e5700000, 0x00000000e5700000| Untracked 
|  88|0x00000000e5800000, 0x00000000e5800000, 0x00000000e5900000|  0%| F|  |TAMS 0x00000000e5800000, 0x00000000e5800000| Untracked 
|  89|0x00000000e5900000, 0x00000000e5900000, 0x00000000e5a00000|  0%| F|  |TAMS 0x00000000e5900000, 0x00000000e5900000| Untracked 
|  90|0x00000000e5a00000, 0x00000000e5a00000, 0x00000000e5b00000|  0%| F|  |TAMS 0x00000000e5a00000, 0x00000000e5a00000| Untracked 
|  91|0x00000000e5b00000, 0x00000000e5b00000, 0x00000000e5c00000|  0%| F|  |TAMS 0x00000000e5b00000, 0x00000000e5b00000| Untracked 
|  92|0x00000000e5c00000, 0x00000000e5c00000, 0x00000000e5d00000|  0%| F|  |TAMS 0x00000000e5c00000, 0x00000000e5c00000| Untracked 
|  93|0x00000000e5d00000, 0x00000000e5d00000, 0x00000000e5e00000|  0%| F|  |TAMS 0x00000000e5d00000, 0x00000000e5d00000| Untracked 
|  94|0x00000000e5e00000, 0x00000000e5e00000, 0x00000000e5f00000|  0%| F|  |TAMS 0x00000000e5e00000, 0x00000000e5e00000| Untracked 
|  95|0x00000000e5f00000, 0x00000000e5f00000, 0x00000000e6000000|  0%| F|  |TAMS 0x00000000e5f00000, 0x00000000e5f00000| Untracked 
|  96|0x00000000e6000000, 0x00000000e6000000, 0x00000000e6100000|  0%| F|  |TAMS 0x00000000e6000000, 0x00000000e6000000| Untracked 
|  97|0x00000000e6100000, 0x00000000e6100000, 0x00000000e6200000|  0%| F|  |TAMS 0x00000000e6100000, 0x00000000e6100000| Untracked 
|  98|0x00000000e6200000, 0x00000000e6200000, 0x00000000e6300000|  0%| F|  |TAMS 0x00000000e6200000, 0x00000000e6200000| Untracked 
|  99|0x00000000e6300000, 0x00000000e6300000, 0x00000000e6400000|  0%| F|  |TAMS 0x00000000e6300000, 0x00000000e6300000| Untracked 
| 100|0x00000000e6400000, 0x00000000e6400000, 0x00000000e6500000|  0%| F|  |TAMS 0x00000000e6400000, 0x00000000e6400000| Untracked 
| 101|0x00000000e6500000, 0x00000000e6500000, 0x00000000e6600000|  0%| F|  |TAMS 0x00000000e6500000, 0x00000000e6500000| Untracked 
| 102|0x00000000e6600000, 0x00000000e6600000, 0x00000000e6700000|  0%| F|  |TAMS 0x00000000e6600000, 0x00000000e6600000| Untracked 
| 103|0x00000000e6700000, 0x00000000e6700000, 0x00000000e6800000|  0%| F|  |TAMS 0x00000000e6700000, 0x00000000e6700000| Untracked 
| 104|0x00000000e6800000, 0x00000000e6800000, 0x00000000e6900000|  0%| F|  |TAMS 0x00000000e6800000, 0x00000000e6800000| Untracked 
| 105|0x00000000e6900000, 0x00000000e6900000, 0x00000000e6a00000|  0%| F|  |TAMS 0x00000000e6900000, 0x00000000e6900000| Untracked 
| 106|0x00000000e6a00000, 0x00000000e6a00000, 0x00000000e6b00000|  0%| F|  |TAMS 0x00000000e6a00000, 0x00000000e6a00000| Untracked 
| 107|0x00000000e6b00000, 0x00000000e6b00000, 0x00000000e6c00000|  0%| F|  |TAMS 0x00000000e6b00000, 0x00000000e6b00000| Untracked 
| 108|0x00000000e6c00000, 0x00000000e6c00000, 0x00000000e6d00000|  0%| F|  |TAMS 0x00000000e6c00000, 0x00000000e6c00000| Untracked 
| 109|0x00000000e6d00000, 0x00000000e6d00000, 0x00000000e6e00000|  0%| F|  |TAMS 0x00000000e6d00000, 0x00000000e6d00000| Untracked 
| 110|0x00000000e6e00000, 0x00000000e6e00000, 0x00000000e6f00000|  0%| F|  |TAMS 0x00000000e6e00000, 0x00000000e6e00000| Untracked 
| 111|0x00000000e6f00000, 0x00000000e6f00000, 0x00000000e7000000|  0%| F|  |TAMS 0x00000000e6f00000, 0x00000000e6f00000| Untracked 
| 112|0x00000000e7000000, 0x00000000e7000000, 0x00000000e7100000|  0%| F|  |TAMS 0x00000000e7000000, 0x00000000e7000000| Untracked 
| 113|0x00000000e7100000, 0x00000000e7100000, 0x00000000e7200000|  0%| F|  |TAMS 0x00000000e7100000, 0x00000000e7100000| Untracked 
| 114|0x00000000e7200000, 0x00000000e7200000, 0x00000000e7300000|  0%| F|  |TAMS 0x00000000e7200000, 0x00000000e7200000| Untracked 
| 115|0x00000000e7300000, 0x00000000e7300000, 0x00000000e7400000|  0%| F|  |TAMS 0x00000000e7300000, 0x00000000e7300000| Untracked 
| 116|0x00000000e7400000, 0x00000000e7400000, 0x00000000e7500000|  0%| F|  |TAMS 0x00000000e7400000, 0x00000000e7400000| Untracked 
| 117|0x00000000e7500000, 0x00000000e7500000, 0x00000000e7600000|  0%| F|  |TAMS 0x00000000e7500000, 0x00000000e7500000| Untracked 
| 118|0x00000000e7600000, 0x00000000e7600000, 0x00000000e7700000|  0%| F|  |TAMS 0x00000000e7600000, 0x00000000e7600000| Untracked 
| 119|0x00000000e7700000, 0x00000000e7700000, 0x00000000e7800000|  0%| F|  |TAMS 0x00000000e7700000, 0x00000000e7700000| Untracked 
| 120|0x00000000e7800000, 0x00000000e7800000, 0x00000000e7900000|  0%| F|  |TAMS 0x00000000e7800000, 0x00000000e7800000| Untracked 
| 121|0x00000000e7900000, 0x00000000e7900000, 0x00000000e7a00000|  0%| F|  |TAMS 0x00000000e7900000, 0x00000000e7900000| Untracked 
| 122|0x00000000e7a00000, 0x00000000e7a00000, 0x00000000e7b00000|  0%| F|  |TAMS 0x00000000e7a00000, 0x00000000e7a00000| Untracked 
| 123|0x00000000e7b00000, 0x00000000e7b00000, 0x00000000e7c00000|  0%| F|  |TAMS 0x00000000e7b00000, 0x00000000e7b00000| Untracked 
| 124|0x00000000e7c00000, 0x00000000e7c00000, 0x00000000e7d00000|  0%| F|  |TAMS 0x00000000e7c00000, 0x00000000e7c00000| Untracked 
| 125|0x00000000e7d00000, 0x00000000e7d00000, 0x00000000e7e00000|  0%| F|  |TAMS 0x00000000e7d00000, 0x00000000e7d00000| Untracked 
| 126|0x00000000e7e00000, 0x00000000e7e00000, 0x00000000e7f00000|  0%| F|  |TAMS 0x00000000e7e00000, 0x00000000e7e00000| Untracked 
| 127|0x00000000e7f00000, 0x00000000e7f00000, 0x00000000e8000000|  0%| F|  |TAMS 0x00000000e7f00000, 0x00000000e7f00000| Untracked 
| 128|0x00000000e8000000, 0x00000000e8000000, 0x00000000e8100000|  0%| F|  |TAMS 0x00000000e8000000, 0x00000000e8000000| Untracked 
| 129|0x00000000e8100000, 0x00000000e8100000, 0x00000000e8200000|  0%| F|  |TAMS 0x00000000e8100000, 0x00000000e8100000| Untracked 
| 130|0x00000000e8200000, 0x00000000e8200000, 0x00000000e8300000|  0%| F|  |TAMS 0x00000000e8200000, 0x00000000e8200000| Untracked 
| 131|0x00000000e8300000, 0x00000000e8300000, 0x00000000e8400000|  0%| F|  |TAMS 0x00000000e8300000, 0x00000000e8300000| Untracked 
| 132|0x00000000e8400000, 0x00000000e8400000, 0x00000000e8500000|  0%| F|  |TAMS 0x00000000e8400000, 0x00000000e8400000| Untracked 
| 133|0x00000000e8500000, 0x00000000e8500000, 0x00000000e8600000|  0%| F|  |TAMS 0x00000000e8500000, 0x00000000e8500000| Untracked 
| 134|0x00000000e8600000, 0x00000000e8600000, 0x00000000e8700000|  0%| F|  |TAMS 0x00000000e8600000, 0x00000000e8600000| Untracked 
| 135|0x00000000e8700000, 0x00000000e8700000, 0x00000000e8800000|  0%| F|  |TAMS 0x00000000e8700000, 0x00000000e8700000| Untracked 
| 136|0x00000000e8800000, 0x00000000e8800000, 0x00000000e8900000|  0%| F|  |TAMS 0x00000000e8800000, 0x00000000e8800000| Untracked 
| 137|0x00000000e8900000, 0x00000000e8900000, 0x00000000e8a00000|  0%| F|  |TAMS 0x00000000e8900000, 0x00000000e8900000| Untracked 
| 138|0x00000000e8a00000, 0x00000000e8a00000, 0x00000000e8b00000|  0%| F|  |TAMS 0x00000000e8a00000, 0x00000000e8a00000| Untracked 
| 139|0x00000000e8b00000, 0x00000000e8b00000, 0x00000000e8c00000|  0%| F|  |TAMS 0x00000000e8b00000, 0x00000000e8b00000| Untracked 
| 140|0x00000000e8c00000, 0x00000000e8c00000, 0x00000000e8d00000|  0%| F|  |TAMS 0x00000000e8c00000, 0x00000000e8c00000| Untracked 
| 141|0x00000000e8d00000, 0x00000000e8d00000, 0x00000000e8e00000|  0%| F|  |TAMS 0x00000000e8d00000, 0x00000000e8d00000| Untracked 
| 142|0x00000000e8e00000, 0x00000000e8e00000, 0x00000000e8f00000|  0%| F|  |TAMS 0x00000000e8e00000, 0x00000000e8e00000| Untracked 
| 143|0x00000000e8f00000, 0x00000000e8f75f80, 0x00000000e9000000| 46%| S|CS|TAMS 0x00000000e8f00000, 0x00000000e8f00000| Complete 
| 144|0x00000000e9000000, 0x00000000e9100000, 0x00000000e9100000|100%| S|CS|TAMS 0x00000000e9000000, 0x00000000e9000000| Complete 
| 145|0x00000000e9100000, 0x00000000e9200000, 0x00000000e9200000|100%| S|CS|TAMS 0x00000000e9100000, 0x00000000e9100000| Complete 
| 146|0x00000000e9200000, 0x00000000e9300000, 0x00000000e9300000|100%| S|CS|TAMS 0x00000000e9200000, 0x00000000e9200000| Complete 
| 147|0x00000000e9300000, 0x00000000e9400000, 0x00000000e9400000|100%| S|CS|TAMS 0x00000000e9300000, 0x00000000e9300000| Complete 
| 148|0x00000000e9400000, 0x00000000e9500000, 0x00000000e9500000|100%| S|CS|TAMS 0x00000000e9400000, 0x00000000e9400000| Complete 
| 149|0x00000000e9500000, 0x00000000e9600000, 0x00000000e9600000|100%| S|CS|TAMS 0x00000000e9500000, 0x00000000e9500000| Complete 
| 150|0x00000000e9600000, 0x00000000e9700000, 0x00000000e9700000|100%| S|CS|TAMS 0x00000000e9600000, 0x00000000e9600000| Complete 
| 151|0x00000000e9700000, 0x00000000e9800000, 0x00000000e9800000|100%| S|CS|TAMS 0x00000000e9700000, 0x00000000e9700000| Complete 
| 152|0x00000000e9800000, 0x00000000e9900000, 0x00000000e9900000|100%| S|CS|TAMS 0x00000000e9800000, 0x00000000e9800000| Complete 
| 153|0x00000000e9900000, 0x00000000e9a00000, 0x00000000e9a00000|100%| S|CS|TAMS 0x00000000e9900000, 0x00000000e9900000| Complete 
| 154|0x00000000e9a00000, 0x00000000e9b00000, 0x00000000e9b00000|100%| S|CS|TAMS 0x00000000e9a00000, 0x00000000e9a00000| Complete 
| 155|0x00000000e9b00000, 0x00000000e9c00000, 0x00000000e9c00000|100%| S|CS|TAMS 0x00000000e9b00000, 0x00000000e9b00000| Complete 
| 156|0x00000000e9c00000, 0x00000000e9c00000, 0x00000000e9d00000|  0%| F|  |TAMS 0x00000000e9c00000, 0x00000000e9c00000| Untracked 
| 157|0x00000000e9d00000, 0x00000000e9d00000, 0x00000000e9e00000|  0%| F|  |TAMS 0x00000000e9d00000, 0x00000000e9d00000| Untracked 
| 158|0x00000000e9e00000, 0x00000000e9e00000, 0x00000000e9f00000|  0%| F|  |TAMS 0x00000000e9e00000, 0x00000000e9e00000| Untracked 
| 159|0x00000000e9f00000, 0x00000000e9f00000, 0x00000000ea000000|  0%| F|  |TAMS 0x00000000e9f00000, 0x00000000e9f00000| Untracked 
| 160|0x00000000ea000000, 0x00000000ea000000, 0x00000000ea100000|  0%| F|  |TAMS 0x00000000ea000000, 0x00000000ea000000| Untracked 
| 161|0x00000000ea100000, 0x00000000ea100000, 0x00000000ea200000|  0%| F|  |TAMS 0x00000000ea100000, 0x00000000ea100000| Untracked 
| 162|0x00000000ea200000, 0x00000000ea200000, 0x00000000ea300000|  0%| F|  |TAMS 0x00000000ea200000, 0x00000000ea200000| Untracked 
| 163|0x00000000ea300000, 0x00000000ea300000, 0x00000000ea400000|  0%| F|  |TAMS 0x00000000ea300000, 0x00000000ea300000| Untracked 
| 164|0x00000000ea400000, 0x00000000ea400000, 0x00000000ea500000|  0%| F|  |TAMS 0x00000000ea400000, 0x00000000ea400000| Untracked 
| 165|0x00000000ea500000, 0x00000000ea500000, 0x00000000ea600000|  0%| F|  |TAMS 0x00000000ea500000, 0x00000000ea500000| Untracked 
| 166|0x00000000ea600000, 0x00000000ea600000, 0x00000000ea700000|  0%| F|  |TAMS 0x00000000ea600000, 0x00000000ea600000| Untracked 
| 167|0x00000000ea700000, 0x00000000ea700000, 0x00000000ea800000|  0%| F|  |TAMS 0x00000000ea700000, 0x00000000ea700000| Untracked 
| 168|0x00000000ea800000, 0x00000000ea800000, 0x00000000ea900000|  0%| F|  |TAMS 0x00000000ea800000, 0x00000000ea800000| Untracked 
| 169|0x00000000ea900000, 0x00000000ea900000, 0x00000000eaa00000|  0%| F|  |TAMS 0x00000000ea900000, 0x00000000ea900000| Untracked 
| 170|0x00000000eaa00000, 0x00000000eaa00000, 0x00000000eab00000|  0%| F|  |TAMS 0x00000000eaa00000, 0x00000000eaa00000| Untracked 
| 171|0x00000000eab00000, 0x00000000eab00000, 0x00000000eac00000|  0%| F|  |TAMS 0x00000000eab00000, 0x00000000eab00000| Untracked 
| 172|0x00000000eac00000, 0x00000000eac00000, 0x00000000ead00000|  0%| F|  |TAMS 0x00000000eac00000, 0x00000000eac00000| Untracked 
| 173|0x00000000ead00000, 0x00000000ead00000, 0x00000000eae00000|  0%| F|  |TAMS 0x00000000ead00000, 0x00000000ead00000| Untracked 
| 174|0x00000000eae00000, 0x00000000eae00000, 0x00000000eaf00000|  0%| F|  |TAMS 0x00000000eae00000, 0x00000000eae00000| Untracked 
| 175|0x00000000eaf00000, 0x00000000eaf00000, 0x00000000eb000000|  0%| F|  |TAMS 0x00000000eaf00000, 0x00000000eaf00000| Untracked 
| 176|0x00000000eb000000, 0x00000000eb000000, 0x00000000eb100000|  0%| F|  |TAMS 0x00000000eb000000, 0x00000000eb000000| Untracked 
| 177|0x00000000eb100000, 0x00000000eb100000, 0x00000000eb200000|  0%| F|  |TAMS 0x00000000eb100000, 0x00000000eb100000| Untracked 
| 178|0x00000000eb200000, 0x00000000eb200000, 0x00000000eb300000|  0%| F|  |TAMS 0x00000000eb200000, 0x00000000eb200000| Untracked 
| 179|0x00000000eb300000, 0x00000000eb300000, 0x00000000eb400000|  0%| F|  |TAMS 0x00000000eb300000, 0x00000000eb300000| Untracked 
| 180|0x00000000eb400000, 0x00000000eb400000, 0x00000000eb500000|  0%| F|  |TAMS 0x00000000eb400000, 0x00000000eb400000| Untracked 
| 181|0x00000000eb500000, 0x00000000eb500000, 0x00000000eb600000|  0%| F|  |TAMS 0x00000000eb500000, 0x00000000eb500000| Untracked 
| 182|0x00000000eb600000, 0x00000000eb600000, 0x00000000eb700000|  0%| F|  |TAMS 0x00000000eb600000, 0x00000000eb600000| Untracked 
| 183|0x00000000eb700000, 0x00000000eb700000, 0x00000000eb800000|  0%| F|  |TAMS 0x00000000eb700000, 0x00000000eb700000| Untracked 
| 184|0x00000000eb800000, 0x00000000eb800000, 0x00000000eb900000|  0%| F|  |TAMS 0x00000000eb800000, 0x00000000eb800000| Untracked 
| 185|0x00000000eb900000, 0x00000000eb900000, 0x00000000eba00000|  0%| F|  |TAMS 0x00000000eb900000, 0x00000000eb900000| Untracked 
| 186|0x00000000eba00000, 0x00000000eba00000, 0x00000000ebb00000|  0%| F|  |TAMS 0x00000000eba00000, 0x00000000eba00000| Untracked 
| 187|0x00000000ebb00000, 0x00000000ebb00000, 0x00000000ebc00000|  0%| F|  |TAMS 0x00000000ebb00000, 0x00000000ebb00000| Untracked 
| 188|0x00000000ebc00000, 0x00000000ebc00000, 0x00000000ebd00000|  0%| F|  |TAMS 0x00000000ebc00000, 0x00000000ebc00000| Untracked 
| 189|0x00000000ebd00000, 0x00000000ebd00000, 0x00000000ebe00000|  0%| F|  |TAMS 0x00000000ebd00000, 0x00000000ebd00000| Untracked 
| 190|0x00000000ebe00000, 0x00000000ebe00000, 0x00000000ebf00000|  0%| F|  |TAMS 0x00000000ebe00000, 0x00000000ebe00000| Untracked 
| 191|0x00000000ebf00000, 0x00000000ebf00000, 0x00000000ec000000|  0%| F|  |TAMS 0x00000000ebf00000, 0x00000000ebf00000| Untracked 
| 192|0x00000000ec000000, 0x00000000ec000000, 0x00000000ec100000|  0%| F|  |TAMS 0x00000000ec000000, 0x00000000ec000000| Untracked 
| 193|0x00000000ec100000, 0x00000000ec100000, 0x00000000ec200000|  0%| F|  |TAMS 0x00000000ec100000, 0x00000000ec100000| Untracked 
| 194|0x00000000ec200000, 0x00000000ec200000, 0x00000000ec300000|  0%| F|  |TAMS 0x00000000ec200000, 0x00000000ec200000| Untracked 
| 195|0x00000000ec300000, 0x00000000ec300000, 0x00000000ec400000|  0%| F|  |TAMS 0x00000000ec300000, 0x00000000ec300000| Untracked 
| 196|0x00000000ec400000, 0x00000000ec400000, 0x00000000ec500000|  0%| F|  |TAMS 0x00000000ec400000, 0x00000000ec400000| Untracked 
| 197|0x00000000ec500000, 0x00000000ec500000, 0x00000000ec600000|  0%| F|  |TAMS 0x00000000ec500000, 0x00000000ec500000| Untracked 
| 198|0x00000000ec600000, 0x00000000ec600000, 0x00000000ec700000|  0%| F|  |TAMS 0x00000000ec600000, 0x00000000ec600000| Untracked 
| 199|0x00000000ec700000, 0x00000000ec700000, 0x00000000ec800000|  0%| F|  |TAMS 0x00000000ec700000, 0x00000000ec700000| Untracked 
| 200|0x00000000ec800000, 0x00000000ec800000, 0x00000000ec900000|  0%| F|  |TAMS 0x00000000ec800000, 0x00000000ec800000| Untracked 
| 201|0x00000000ec900000, 0x00000000ec900000, 0x00000000eca00000|  0%| F|  |TAMS 0x00000000ec900000, 0x00000000ec900000| Untracked 
| 202|0x00000000eca00000, 0x00000000eca00000, 0x00000000ecb00000|  0%| F|  |TAMS 0x00000000eca00000, 0x00000000eca00000| Untracked 
| 203|0x00000000ecb00000, 0x00000000ecb00000, 0x00000000ecc00000|  0%| F|  |TAMS 0x00000000ecb00000, 0x00000000ecb00000| Untracked 
| 204|0x00000000ecc00000, 0x00000000ecc00000, 0x00000000ecd00000|  0%| F|  |TAMS 0x00000000ecc00000, 0x00000000ecc00000| Untracked 
| 205|0x00000000ecd00000, 0x00000000ecd00000, 0x00000000ece00000|  0%| F|  |TAMS 0x00000000ecd00000, 0x00000000ecd00000| Untracked 
| 206|0x00000000ece00000, 0x00000000ece00000, 0x00000000ecf00000|  0%| F|  |TAMS 0x00000000ece00000, 0x00000000ece00000| Untracked 
| 207|0x00000000ecf00000, 0x00000000ecf00000, 0x00000000ed000000|  0%| F|  |TAMS 0x00000000ecf00000, 0x00000000ecf00000| Untracked 
| 208|0x00000000ed000000, 0x00000000ed000000, 0x00000000ed100000|  0%| F|  |TAMS 0x00000000ed000000, 0x00000000ed000000| Untracked 
| 209|0x00000000ed100000, 0x00000000ed100000, 0x00000000ed200000|  0%| F|  |TAMS 0x00000000ed100000, 0x00000000ed100000| Untracked 
| 210|0x00000000ed200000, 0x00000000ed200000, 0x00000000ed300000|  0%| F|  |TAMS 0x00000000ed200000, 0x00000000ed200000| Untracked 
| 211|0x00000000ed300000, 0x00000000ed300000, 0x00000000ed400000|  0%| F|  |TAMS 0x00000000ed300000, 0x00000000ed300000| Untracked 
| 212|0x00000000ed400000, 0x00000000ed400000, 0x00000000ed500000|  0%| F|  |TAMS 0x00000000ed400000, 0x00000000ed400000| Untracked 
| 213|0x00000000ed500000, 0x00000000ed500000, 0x00000000ed600000|  0%| F|  |TAMS 0x00000000ed500000, 0x00000000ed500000| Untracked 
| 214|0x00000000ed600000, 0x00000000ed600000, 0x00000000ed700000|  0%| F|  |TAMS 0x00000000ed600000, 0x00000000ed600000| Untracked 
| 215|0x00000000ed700000, 0x00000000ed700000, 0x00000000ed800000|  0%| F|  |TAMS 0x00000000ed700000, 0x00000000ed700000| Untracked 
| 216|0x00000000ed800000, 0x00000000ed800000, 0x00000000ed900000|  0%| F|  |TAMS 0x00000000ed800000, 0x00000000ed800000| Untracked 
| 217|0x00000000ed900000, 0x00000000ed900000, 0x00000000eda00000|  0%| F|  |TAMS 0x00000000ed900000, 0x00000000ed900000| Untracked 
| 218|0x00000000eda00000, 0x00000000eda00000, 0x00000000edb00000|  0%| F|  |TAMS 0x00000000eda00000, 0x00000000eda00000| Untracked 
| 219|0x00000000edb00000, 0x00000000edb00000, 0x00000000edc00000|  0%| F|  |TAMS 0x00000000edb00000, 0x00000000edb00000| Untracked 
| 220|0x00000000edc00000, 0x00000000edc00000, 0x00000000edd00000|  0%| F|  |TAMS 0x00000000edc00000, 0x00000000edc00000| Untracked 
| 221|0x00000000edd00000, 0x00000000edd00000, 0x00000000ede00000|  0%| F|  |TAMS 0x00000000edd00000, 0x00000000edd00000| Untracked 
| 222|0x00000000ede00000, 0x00000000ede00000, 0x00000000edf00000|  0%| F|  |TAMS 0x00000000ede00000, 0x00000000ede00000| Untracked 
| 223|0x00000000edf00000, 0x00000000edf00000, 0x00000000ee000000|  0%| F|  |TAMS 0x00000000edf00000, 0x00000000edf00000| Untracked 
| 224|0x00000000ee000000, 0x00000000ee000000, 0x00000000ee100000|  0%| F|  |TAMS 0x00000000ee000000, 0x00000000ee000000| Untracked 
| 225|0x00000000ee100000, 0x00000000ee100000, 0x00000000ee200000|  0%| F|  |TAMS 0x00000000ee100000, 0x00000000ee100000| Untracked 
| 226|0x00000000ee200000, 0x00000000ee200000, 0x00000000ee300000|  0%| F|  |TAMS 0x00000000ee200000, 0x00000000ee200000| Untracked 
| 227|0x00000000ee300000, 0x00000000ee300000, 0x00000000ee400000|  0%| F|  |TAMS 0x00000000ee300000, 0x00000000ee300000| Untracked 
| 228|0x00000000ee400000, 0x00000000ee400000, 0x00000000ee500000|  0%| F|  |TAMS 0x00000000ee400000, 0x00000000ee400000| Untracked 
| 229|0x00000000ee500000, 0x00000000ee500000, 0x00000000ee600000|  0%| F|  |TAMS 0x00000000ee500000, 0x00000000ee500000| Untracked 
| 230|0x00000000ee600000, 0x00000000ee600000, 0x00000000ee700000|  0%| F|  |TAMS 0x00000000ee600000, 0x00000000ee600000| Untracked 
| 231|0x00000000ee700000, 0x00000000ee700000, 0x00000000ee800000|  0%| F|  |TAMS 0x00000000ee700000, 0x00000000ee700000| Untracked 
| 232|0x00000000ee800000, 0x00000000ee800000, 0x00000000ee900000|  0%| F|  |TAMS 0x00000000ee800000, 0x00000000ee800000| Untracked 
| 233|0x00000000ee900000, 0x00000000ee900000, 0x00000000eea00000|  0%| F|  |TAMS 0x00000000ee900000, 0x00000000ee900000| Untracked 
| 234|0x00000000eea00000, 0x00000000eea00000, 0x00000000eeb00000|  0%| F|  |TAMS 0x00000000eea00000, 0x00000000eea00000| Untracked 
| 235|0x00000000eeb00000, 0x00000000eeb00000, 0x00000000eec00000|  0%| F|  |TAMS 0x00000000eeb00000, 0x00000000eeb00000| Untracked 
| 236|0x00000000eec00000, 0x00000000eec00000, 0x00000000eed00000|  0%| F|  |TAMS 0x00000000eec00000, 0x00000000eec00000| Untracked 
| 237|0x00000000eed00000, 0x00000000eed00000, 0x00000000eee00000|  0%| F|  |TAMS 0x00000000eed00000, 0x00000000eed00000| Untracked 
| 238|0x00000000eee00000, 0x00000000eee00000, 0x00000000eef00000|  0%| F|  |TAMS 0x00000000eee00000, 0x00000000eee00000| Untracked 
| 239|0x00000000eef00000, 0x00000000eef00000, 0x00000000ef000000|  0%| F|  |TAMS 0x00000000eef00000, 0x00000000eef00000| Untracked 
| 240|0x00000000ef000000, 0x00000000ef000000, 0x00000000ef100000|  0%| F|  |TAMS 0x00000000ef000000, 0x00000000ef000000| Untracked 
| 241|0x00000000ef100000, 0x00000000ef100000, 0x00000000ef200000|  0%| F|  |TAMS 0x00000000ef100000, 0x00000000ef100000| Untracked 
| 242|0x00000000ef200000, 0x00000000ef200000, 0x00000000ef300000|  0%| F|  |TAMS 0x00000000ef200000, 0x00000000ef200000| Untracked 
| 243|0x00000000ef300000, 0x00000000ef300000, 0x00000000ef400000|  0%| F|  |TAMS 0x00000000ef300000, 0x00000000ef300000| Untracked 
| 244|0x00000000ef400000, 0x00000000ef400000, 0x00000000ef500000|  0%| F|  |TAMS 0x00000000ef400000, 0x00000000ef400000| Untracked 
| 245|0x00000000ef500000, 0x00000000ef500000, 0x00000000ef600000|  0%| E|  |TAMS 0x00000000ef500000, 0x00000000ef500000| Untracked 
| 246|0x00000000ef600000, 0x00000000ef700000, 0x00000000ef700000|100%| E|CS|TAMS 0x00000000ef600000, 0x00000000ef600000| Complete 
| 247|0x00000000ef700000, 0x00000000ef800000, 0x00000000ef800000|100%| E|CS|TAMS 0x00000000ef700000, 0x00000000ef700000| Complete 
| 248|0x00000000ef800000, 0x00000000ef900000, 0x00000000ef900000|100%| E|CS|TAMS 0x00000000ef800000, 0x00000000ef800000| Complete 
| 249|0x00000000ef900000, 0x00000000efa00000, 0x00000000efa00000|100%| E|CS|TAMS 0x00000000ef900000, 0x00000000ef900000| Complete 
| 250|0x00000000efa00000, 0x00000000efb00000, 0x00000000efb00000|100%| E|CS|TAMS 0x00000000efa00000, 0x00000000efa00000| Complete 
| 251|0x00000000efb00000, 0x00000000efc00000, 0x00000000efc00000|100%| E|CS|TAMS 0x00000000efb00000, 0x00000000efb00000| Complete 
| 252|0x00000000efc00000, 0x00000000efd00000, 0x00000000efd00000|100%| E|CS|TAMS 0x00000000efc00000, 0x00000000efc00000| Complete 
| 253|0x00000000efd00000, 0x00000000efe00000, 0x00000000efe00000|100%| E|CS|TAMS 0x00000000efd00000, 0x00000000efd00000| Complete 
| 254|0x00000000efe00000, 0x00000000eff00000, 0x00000000eff00000|100%| E|CS|TAMS 0x00000000efe00000, 0x00000000efe00000| Complete 
| 255|0x00000000eff00000, 0x00000000f0000000, 0x00000000f0000000|100%| E|CS|TAMS 0x00000000eff00000, 0x00000000eff00000| Complete 

Card table byte_map: [0x0000021275d90000,0x0000021275e90000] _byte_map_base: 0x0000021275690000

Marking Bits (Prev, Next): (CMBitMap*) 0x000002126c5915a0, (CMBitMap*) 0x000002126c5915e0
 Prev Bits: [0x0000021275f90000, 0x0000021276790000)
 Next Bits: [0x0000021276790000, 0x0000021276f90000)

Polling page: 0x000002126acc0000

Metaspace:

Usage:
  Non-class:     30.20 MB used.
      Class:      4.69 MB used.
       Both:     34.89 MB used.

Virtual space:
  Non-class space:       32.00 MB reserved,      30.38 MB ( 95%) committed,  4 nodes.
      Class space:      208.00 MB reserved,       4.88 MB (  2%) committed,  1 nodes.
              Both:      240.00 MB reserved,      35.25 MB ( 15%) committed. 

Chunk freelists:
   Non-Class:  1.57 MB
       Class:  3.08 MB
        Both:  4.65 MB

MaxMetaspaceSize: 256.00 MB
CompressedClassSpaceSize: 208.00 MB
 - commit_granule_bytes: 65536.
 - commit_granule_words: 8192.
 - virtual_space_node_default_size: 1048576.
 - enlarge_chunks_in_place: 1.
 - new_chunks_are_fully_committed: 0.
 - uncommit_free_chunks: 1.
 - use_allocation_guard: 0.
 - handle_deallocations: 1.


Internal statistics:

num_allocs_failed_limit: 6.
num_arena_births: 316.
num_arena_deaths: 0.
num_vsnodes_births: 5.
num_vsnodes_deaths: 0.
num_space_committed: 564.
num_space_uncommitted: 0.
num_chunks_returned_to_freelist: 6.
num_chunks_taken_from_freelist: 1591.
num_chunk_merges: 6.
num_chunk_splits: 1067.
num_chunks_enlarged: 780.
num_purges: 0.

CodeHeap 'non-profiled nmethods': size=120000Kb used=2304Kb max_used=2304Kb free=117695Kb
 bounds [0x0000021207ad0000, 0x0000021207d40000, 0x000002120f000000]
CodeHeap 'profiled nmethods': size=120000Kb used=8540Kb max_used=8540Kb free=111459Kb
 bounds [0x00000212005a0000, 0x0000021200e00000, 0x0000021207ad0000]
CodeHeap 'non-nmethods': size=5760Kb used=2309Kb max_used=2344Kb free=3450Kb
 bounds [0x0000021200000000, 0x0000021200270000, 0x00000212005a0000]
 total_blobs=4919 nmethods=4100 adapters=730
 compilation: enabled
              stopped_count=0, restarted_count=0
 full_count=0

Compilation events (20 events):
Event: 128.476 Thread 0x0000021279c08d40 nmethod 4143 0x0000021200deb290 code [0x0000021200deb460, 0x0000021200deba28]
Event: 128.502 Thread 0x0000021279c08d40 4144       1       com.google.common.cache.LocalCache$StrongAccessEntry::setPreviousInAccessQueue (6 bytes)
Event: 128.502 Thread 0x0000021279c08d40 nmethod 4144 0x0000021207d0f910 code [0x0000021207d0faa0, 0x0000021207d0fbb8]
Event: 128.503 Thread 0x0000021279c08d40 4145  s    3       java.io.ByteArrayOutputStream::write (32 bytes)
Event: 128.503 Thread 0x0000021279c08d40 nmethod 4145 0x0000021200debb10 code [0x0000021200debcc0, 0x0000021200debf08]
Event: 128.570 Thread 0x0000021279c08d40 4146       1       sun.reflect.generics.reflectiveObjects.LazyReflectiveObjectGenerator::getFactory (5 bytes)
Event: 128.570 Thread 0x0000021279c08d40 nmethod 4146 0x0000021207d0fc10 code [0x0000021207d0fda0, 0x0000021207d0fe78]
Event: 128.570 Thread 0x0000021279c08d40 4147       3       org.gradle.internal.instantiation.generator.AbstractClassGenerator::isNameProperty (44 bytes)
Event: 128.587 Thread 0x0000021279c08d40 nmethod 4147 0x0000021200dec010 code [0x0000021200dec280, 0x0000021200decef8]
Event: 128.587 Thread 0x0000021279c08d40 4148       3       com.google.common.collect.Hashing::closedTableSize (37 bytes)
Event: 128.594 Thread 0x0000021279c08d40 nmethod 4148 0x0000021200ded290 code [0x0000021200ded460, 0x0000021200ded7a8]
Event: 128.874 Thread 0x0000021279c08d40 4150       3       java.util.Arrays$ArrayList::toArray (15 bytes)
Event: 128.874 Thread 0x0000021279c08d40 nmethod 4150 0x0000021200ded910 code [0x0000021200dedac0, 0x0000021200dedc08]
Event: 128.876 Thread 0x0000021279c08d40 4151       3       org.codehaus.groovy.runtime.metaclass.MetaMethodIndex::copyNonPrivateNonNewMetaMethods (171 bytes)
Event: 128.889 Thread 0x0000021279c08d40 nmethod 4151 0x0000021200dedd10 code [0x0000021200dedfa0, 0x0000021200deef78]
Event: 128.889 Thread 0x0000021279c08d40 4152       1       org.codehaus.groovy.reflection.stdclasses.ObjectCachedClass::isAssignableFrom (2 bytes)
Event: 128.889 Thread 0x0000021279c08d40 nmethod 4152 0x0000021207d0ff10 code [0x0000021207d100a0, 0x0000021207d10178]
Event: 128.926 Thread 0x0000021279c08d40 4153       3       com.sun.beans.TypeResolver::resolveInClass (9 bytes)
Event: 128.931 Thread 0x0000021279c08d40 nmethod 4153 0x0000021200def390 code [0x0000021200def5c0, 0x0000021200defd58]
Event: 128.931 Thread 0x0000021279c08d40 4154       3       java.util.HashMap$ValueIterator::next (8 bytes)

GC Heap History (12 events):
Event: 23.853 GC heap before
{Heap before GC invocations=0 (full 0):
 garbage-first heap   total 262144K, used 25600K [0x00000000e0000000, 0x0000000100000000)
  region size 1024K, 23 young (23552K), 0 survivors (0K)
 Metaspace       used 3217K, committed 3392K, reserved 221184K
  class space    used 382K, committed 448K, reserved 212992K
}
Event: 24.008 GC heap after
{Heap after GC invocations=1 (full 0):
 garbage-first heap   total 262144K, used 9462K [0x00000000e0000000, 0x0000000100000000)
  region size 1024K, 3 young (3072K), 3 survivors (3072K)
 Metaspace       used 3217K, committed 3392K, reserved 221184K
  class space    used 382K, committed 448K, reserved 212992K
}
Event: 80.774 GC heap before
{Heap before GC invocations=1 (full 0):
 garbage-first heap   total 262144K, used 35062K [0x00000000e0000000, 0x0000000100000000)
  region size 1024K, 28 young (28672K), 3 survivors (3072K)
 Metaspace       used 4125K, committed 4288K, reserved 221184K
  class space    used 477K, committed 576K, reserved 212992K
}
Event: 81.180 GC heap after
{Heap after GC invocations=2 (full 0):
 garbage-first heap   total 262144K, used 10305K [0x00000000e0000000, 0x0000000100000000)
  region size 1024K, 1 young (1024K), 1 survivors (1024K)
 Metaspace       used 4125K, committed 4288K, reserved 221184K
  class space    used 477K, committed 576K, reserved 212992K
}
Event: 102.386 GC heap before
{Heap before GC invocations=2 (full 0):
 garbage-first heap   total 262144K, used 43073K [0x00000000e0000000, 0x0000000100000000)
  region size 1024K, 33 young (33792K), 1 survivors (1024K)
 Metaspace       used 8415K, committed 8640K, reserved 221184K
  class space    used 1090K, committed 1216K, reserved 212992K
}
Event: 102.496 GC heap after
{Heap after GC invocations=3 (full 0):
 garbage-first heap   total 262144K, used 16530K [0x00000000e0000000, 0x0000000100000000)
  region size 1024K, 5 young (5120K), 5 survivors (5120K)
 Metaspace       used 8415K, committed 8640K, reserved 221184K
  class space    used 1090K, committed 1216K, reserved 212992K
}
Event: 104.418 GC heap before
{Heap before GC invocations=3 (full 0):
 garbage-first heap   total 262144K, used 49298K [0x00000000e0000000, 0x0000000100000000)
  region size 1024K, 37 young (37888K), 5 survivors (5120K)
 Metaspace       used 14596K, committed 14912K, reserved 229376K
  class space    used 2036K, committed 2176K, reserved 212992K
}
Event: 104.423 GC heap after
{Heap after GC invocations=4 (full 0):
 garbage-first heap   total 262144K, used 18635K [0x00000000e0000000, 0x0000000100000000)
  region size 1024K, 3 young (3072K), 3 survivors (3072K)
 Metaspace       used 14596K, committed 14912K, reserved 229376K
  class space    used 2036K, committed 2176K, reserved 212992K
}
Event: 106.868 GC heap before
{Heap before GC invocations=4 (full 0):
 garbage-first heap   total 262144K, used 60619K [0x00000000e0000000, 0x0000000100000000)
  region size 1024K, 45 young (46080K), 3 survivors (3072K)
 Metaspace       used 20949K, committed 21248K, reserved 237568K
  class space    used 3041K, committed 3200K, reserved 212992K
}
Event: 106.887 GC heap after
{Heap after GC invocations=5 (full 0):
 garbage-first heap   total 262144K, used 21067K [0x00000000e0000000, 0x0000000100000000)
  region size 1024K, 5 young (5120K), 5 survivors (5120K)
 Metaspace       used 20949K, committed 21248K, reserved 237568K
  class space    used 3041K, committed 3200K, reserved 212992K
}
Event: 124.499 GC heap before
{Heap before GC invocations=6 (full 0):
 garbage-first heap   total 262144K, used 119371K [0x00000000e0000000, 0x0000000100000000)
  region size 1024K, 100 young (102400K), 5 survivors (5120K)
 Metaspace       used 35195K, committed 35520K, reserved 245760K
  class space    used 4737K, committed 4928K, reserved 212992K
}
Event: 124.692 GC heap after
{Heap after GC invocations=7 (full 0):
 garbage-first heap   total 262144K, used 29122K [0x00000000e0000000, 0x0000000100000000)
  region size 1024K, 13 young (13312K), 13 survivors (13312K)
 Metaspace       used 35195K, committed 35520K, reserved 245760K
  class space    used 4737K, committed 4928K, reserved 212992K
}

Deoptimization events (20 events):
Event: 115.495 Thread 0x000002127ca937c0 DEOPT PACKING pc=0x0000021200968ff4 sp=0x000000396a4fe360
Event: 115.496 Thread 0x000002127ca937c0 DEOPT UNPACKING pc=0x000002120004dece sp=0x000000396a4fd8e0 mode 0
Event: 115.544 Thread 0x000002127ca937c0 Uncommon trap: trap_request=0xffffff45 fr.pc=0x0000021207b86858 relative=0x0000000000000218
Event: 115.544 Thread 0x000002127ca937c0 Uncommon trap: reason=unstable_if action=reinterpret pc=0x0000021207b86858 method=java.util.StringTokenizer.scanToken(I)I @ 42 c2
Event: 115.544 Thread 0x000002127ca937c0 DEOPT PACKING pc=0x0000021207b86858 sp=0x000000396a4fe540
Event: 115.544 Thread 0x000002127ca937c0 DEOPT UNPACKING pc=0x000002120004d72e sp=0x000000396a4fe4d0 mode 2
Event: 122.112 Thread 0x000002127be7b0a0 Uncommon trap: trap_request=0xffffff45 fr.pc=0x0000021207c41ab8 relative=0x0000000000000118
Event: 122.120 Thread 0x000002127be7b0a0 Uncommon trap: reason=unstable_if action=reinterpret pc=0x0000021207c41ab8 method=java.util.Arrays.hashCode([Ljava/lang/Object;)I @ 34 c2
Event: 122.160 Thread 0x000002127be7b0a0 DEOPT PACKING pc=0x0000021207c41ab8 sp=0x00000039691f8160
Event: 122.160 Thread 0x000002127be7b0a0 DEOPT UNPACKING pc=0x000002120004d72e sp=0x00000039691f80d8 mode 2
Event: 122.526 Thread 0x000002127be7b0a0 DEOPT PACKING pc=0x0000021200c8c135 sp=0x00000039691f86e0
Event: 122.526 Thread 0x000002127be7b0a0 DEOPT UNPACKING pc=0x000002120004dece sp=0x00000039691f7b68 mode 0
Event: 127.488 Thread 0x000002127ca93d10 Uncommon trap: trap_request=0xffffff45 fr.pc=0x0000021207ba5f28 relative=0x00000000000001e8
Event: 127.529 Thread 0x000002127ca93d10 Uncommon trap: reason=unstable_if action=reinterpret pc=0x0000021207ba5f28 method=java.util.StringTokenizer.skipDelimiters(I)I @ 64 c2
Event: 127.549 Thread 0x000002127ca93d10 DEOPT PACKING pc=0x0000021207ba5f28 sp=0x000000396a6fe3b0
Event: 127.549 Thread 0x000002127ca93d10 DEOPT UNPACKING pc=0x000002120004d72e sp=0x000000396a6fe340 mode 2
Event: 127.623 Thread 0x000002127ca93d10 Uncommon trap: trap_request=0xffffff45 fr.pc=0x0000021207c3ca88 relative=0x00000000000000e8
Event: 127.623 Thread 0x000002127ca93d10 Uncommon trap: reason=unstable_if action=reinterpret pc=0x0000021207c3ca88 method=org.objectweb.asm.ByteVector.putShort(I)Lorg/objectweb/asm/ByteVector; @ 13 c2
Event: 127.623 Thread 0x000002127ca93d10 DEOPT PACKING pc=0x0000021207c3ca88 sp=0x000000396a6fe0c0
Event: 127.623 Thread 0x000002127ca93d10 DEOPT UNPACKING pc=0x000002120004d72e sp=0x000000396a6fe048 mode 2

Classes unloaded (0 events):
No events

Classes redefined (0 events):
No events

Internal exceptions (20 events):
Event: 120.900 Thread 0x000002127be7b0a0 Exception <a 'java/lang/ClassNotFoundException'{0x00000000eae2a530}: org/gradle/internal/metaobject/ConfigureDelegateBeanInfo> (0x00000000eae2a530) 
thrown [c:\wsjdk\correttojdksrc\installers\windows\zip\corretto-build\buildroot\src\hotspot\share\classfile\systemDictionary.cpp, line 256]
Event: 120.901 Thread 0x000002127be7b0a0 Exception <a 'java/lang/ClassNotFoundException'{0x00000000eae38c08}: org/gradle/internal/metaobject/ConfigureDelegateCustomizer> (0x00000000eae38c08) 
thrown [c:\wsjdk\correttojdksrc\installers\windows\zip\corretto-build\buildroot\src\hotspot\share\classfile\systemDictionary.cpp, line 256]
Event: 121.082 Thread 0x000002127be7b0a0 Exception <a 'java/lang/ClassNotFoundException'{0x00000000eae8e2e8}: org/gradle/api/internal/initialization/DefaultScriptHandlerBeanInfo> (0x00000000eae8e2e8) 
thrown [c:\wsjdk\correttojdksrc\installers\windows\zip\corretto-build\buildroot\src\hotspot\share\classfile\systemDictionary.cpp, line 256]
Event: 121.083 Thread 0x000002127be7b0a0 Exception <a 'java/lang/ClassNotFoundException'{0x00000000eae9dd88}: org/gradle/api/internal/initialization/DefaultScriptHandlerCustomizer> (0x00000000eae9dd88) 
thrown [c:\wsjdk\correttojdksrc\installers\windows\zip\corretto-build\buildroot\src\hotspot\share\classfile\systemDictionary.cpp, line 256]
Event: 122.095 Thread 0x000002127be7b0a0 Implicit null exception at 0x0000021207c419ec to 0x0000021207c41a9c
Event: 122.204 Thread 0x000002127be7b0a0 Exception <a 'java/lang/ClassNotFoundException'{0x00000000ea8b23b8}: org/gradle/api/internal/artifacts/dsl/dependencies/DefaultDependencyHandler_DecoratedBeanInfo> (0x00000000ea8b23b8) 
thrown [c:\wsjdk\correttojdksrc\installers\windows\zip\corretto-build\buildroot\src\hotspot\share\classfile\systemDictionary.cpp, line 256]
Event: 122.204 Thread 0x000002127be7b0a0 Exception <a 'java/lang/ClassNotFoundException'{0x00000000ea8c7198}: org/gradle/api/internal/artifacts/dsl/dependencies/DefaultDependencyHandlerBeanInfo> (0x00000000ea8c7198) 
thrown [c:\wsjdk\correttojdksrc\installers\windows\zip\corretto-build\buildroot\src\hotspot\share\classfile\systemDictionary.cpp, line 256]
Event: 122.205 Thread 0x000002127be7b0a0 Exception <a 'java/lang/ClassNotFoundException'{0x00000000ea8dc1e0}: org/gradle/api/internal/artifacts/dsl/dependencies/DefaultDependencyHandlerCustomizer> (0x00000000ea8dc1e0) 
thrown [c:\wsjdk\correttojdksrc\installers\windows\zip\corretto-build\buildroot\src\hotspot\share\classfile\systemDictionary.cpp, line 256]
Event: 122.244 Thread 0x000002127be7b0a0 Exception <a 'java/lang/ClassNotFoundException'{0x00000000ea71c9d0}: org/gradle/api/internal/artifacts/dsl/dependencies/DefaultDependencyHandler_DecoratedCustomizer> (0x00000000ea71c9d0) 
thrown [c:\wsjdk\correttojdksrc\installers\windows\zip\corretto-build\buildroot\src\hotspot\share\classfile\systemDictionary.cpp, line 256]
Event: 122.266 Thread 0x000002127be7b0a0 Exception <a 'java/lang/ClassNotFoundException'{0x00000000ea75c2c0}: ijresolvers2_2i0xykg1i5uca1ppcmp52jumq$_run_closure1BeanInfo> (0x00000000ea75c2c0) 
thrown [c:\wsjdk\correttojdksrc\installers\windows\zip\corretto-build\buildroot\src\hotspot\share\classfile\systemDictionary.cpp, line 256]
Event: 122.266 Thread 0x000002127be7b0a0 Exception <a 'java/lang/ClassNotFoundException'{0x00000000ea762518}: ijresolvers2_2i0xykg1i5uca1ppcmp52jumq$_run_closure1Customizer> (0x00000000ea762518) 
thrown [c:\wsjdk\correttojdksrc\installers\windows\zip\corretto-build\buildroot\src\hotspot\share\classfile\systemDictionary.cpp, line 256]
Event: 122.712 Thread 0x000002127be7b0a0 Exception <a 'java/lang/NoSuchMethodError'{0x00000000ea426158}: 'java.lang.Object java.lang.invoke.DirectMethodHandle$Holder.newInvokeSpecial(java.lang.Object, int, java.lang.Object)'> (0x00000000ea426158) 
thrown [c:\wsjdk\correttojdksrc\installers\windows\zip\corretto-build\buildroot\src\hotspot\share\interpreter\linkResolver.cpp, line 790]
Event: 125.808 Thread 0x000002127be7b0a0 Exception <a 'java/lang/NoSuchMethodError'{0x00000000eff79cc8}: 'java.lang.Object java.lang.invoke.DirectMethodHandle$Holder.newInvokeSpecial(java.lang.Object, java.lang.Object, int)'> (0x00000000eff79cc8) 
thrown [c:\wsjdk\correttojdksrc\installers\windows\zip\corretto-build\buildroot\src\hotspot\share\interpreter\linkResolver.cpp, line 790]
Event: 126.661 Thread 0x000002127be7b0a0 Exception <a 'java/lang/NoSuchMethodError'{0x00000000efece590}: 'int java.lang.invoke.DirectMethodHandle$Holder.invokeStatic(java.lang.Object)'> (0x00000000efece590) 
thrown [c:\wsjdk\correttojdksrc\installers\windows\zip\corretto-build\buildroot\src\hotspot\share\interpreter\linkResolver.cpp, line 790]
Event: 126.661 Thread 0x000002127be7b0a0 Exception <a 'java/lang/NoSuchMethodError'{0x00000000efed28d8}: 'int java.lang.invoke.DirectMethodHandle$Holder.invokeStaticInit(java.lang.Object)'> (0x00000000efed28d8) 
thrown [c:\wsjdk\correttojdksrc\installers\windows\zip\corretto-build\buildroot\src\hotspot\share\interpreter\linkResolver.cpp, line 790]
Event: 127.325 Thread 0x000002127ca93d10 Exception <a 'sun/nio/fs/WindowsException'{0x00000000efcf1d40}> (0x00000000efcf1d40) 
thrown [c:\wsjdk\correttojdksrc\installers\windows\zip\corretto-build\buildroot\src\hotspot\share\prims\jni.cpp, line 579]
Event: 128.480 Thread 0x000002127ca93d10 Exception <a 'sun/nio/fs/WindowsException'{0x00000000ef7afd28}> (0x00000000ef7afd28) 
thrown [c:\wsjdk\correttojdksrc\installers\windows\zip\corretto-build\buildroot\src\hotspot\share\prims\jni.cpp, line 579]
Event: 128.485 Thread 0x000002127ca93d10 Exception <a 'sun/nio/fs/WindowsException'{0x00000000ef7afe90}> (0x00000000ef7afe90) 
thrown [c:\wsjdk\correttojdksrc\installers\windows\zip\corretto-build\buildroot\src\hotspot\share\prims\jni.cpp, line 579]
Event: 128.877 Thread 0x000002127be7b0a0 Exception <a 'java/lang/ClassNotFoundException'{0x00000000ef7f0e00}: ijresolvers2_2i0xykg1i5uca1ppcmp52jumqBeanInfo> (0x00000000ef7f0e00) 
thrown [c:\wsjdk\correttojdksrc\installers\windows\zip\corretto-build\buildroot\src\hotspot\share\classfile\systemDictionary.cpp, line 256]
Event: 128.892 Thread 0x000002127be7b0a0 Exception <a 'java/lang/ClassNotFoundException'{0x00000000ef7f6910}: ijresolvers2_2i0xykg1i5uca1ppcmp52jumqCustomizer> (0x00000000ef7f6910) 
thrown [c:\wsjdk\correttojdksrc\installers\windows\zip\corretto-build\buildroot\src\hotspot\share\classfile\systemDictionary.cpp, line 256]

Events (20 events):
Event: 123.900 loading class java/io/DeleteOnExitHook
Event: 123.935 loading class java/io/DeleteOnExitHook done
Event: 123.942 Executing  VM operation: Cleanup done
Event: 123.942 loading class java/io/DeleteOnExitHook$1
Event: 123.961 loading class java/io/DeleteOnExitHook$1 done
Event: 124.406 Executing  VM operation: CollectForMetadataAllocation
Event: 124.697 Executing  VM operation: CollectForMetadataAllocation done
Event: 124.727 Executing  VM operation: G1Concurrent
Event: 125.170 Executing  VM operation: G1Concurrent done
Event: 125.172 Executing  VM operation: G1Concurrent
Event: 125.193 Executing  VM operation: G1Concurrent done
Event: 126.194 Executing  VM operation: Cleanup
Event: 126.225 Executing  VM operation: Cleanup done
Event: 126.921 Thread 0x000002127ca95cf0 Thread added: 0x000002127ca95cf0
Event: 127.235 Executing  VM operation: Cleanup
Event: 127.236 Executing  VM operation: Cleanup done
Event: 127.289 Thread 0x000002127ca93d10 Thread added: 0x000002127ca93d10
Event: 128.250 Executing  VM operation: Cleanup
Event: 128.250 Executing  VM operation: Cleanup done
Event: 129.262 Executing  VM operation: Cleanup


Dynamic libraries:
0x00007ff602660000 - 0x00007ff60266d000 	C:\Users\gunch\.jdks\corretto-16.0.2\bin\java.exe
0x00007fff32220000 - 0x00007fff32485000 	C:\WINDOWS\SYSTEM32\ntdll.dll
0x00007fff30d50000 - 0x00007fff30e19000 	C:\WINDOWS\System32\KERNEL32.DLL
0x00007fff2fbd0000 - 0x00007fff2ffb8000 	C:\WINDOWS\System32\KERNELBASE.dll
0x00007fff2f860000 - 0x00007fff2f9ab000 	C:\WINDOWS\System32\ucrtbase.dll
0x00007fff06ab0000 - 0x00007fff06ac5000 	C:\Users\gunch\.jdks\corretto-16.0.2\bin\VCRUNTIME140.dll
0x00007fff05a90000 - 0x00007fff05aa8000 	C:\Users\gunch\.jdks\corretto-16.0.2\bin\jli.dll
0x00007fff2ffc0000 - 0x00007fff3018a000 	C:\WINDOWS\System32\USER32.dll
0x00007fff2f560000 - 0x00007fff2f587000 	C:\WINDOWS\System32\win32u.dll
0x00007fff31e90000 - 0x00007fff31ebb000 	C:\WINDOWS\System32\GDI32.dll
0x00007fff2f420000 - 0x00007fff2f557000 	C:\WINDOWS\System32\gdi32full.dll
0x00007fff2f370000 - 0x00007fff2f413000 	C:\WINDOWS\System32\msvcp_win.dll
0x00007fff1afc0000 - 0x00007fff1b25a000 	C:\WINDOWS\WinSxS\amd64_microsoft.windows.common-controls_6595b64144ccf1df_6.0.26100.4202_none_3e0698d4e335f517\COMCTL32.dll
0x00007fff30ca0000 - 0x00007fff30d49000 	C:\WINDOWS\System32\msvcrt.dll
0x00007fff31ec0000 - 0x00007fff31ef0000 	C:\WINDOWS\System32\IMM32.DLL
0x00007ffef1c40000 - 0x00007ffef1cdb000 	C:\Users\gunch\.jdks\corretto-16.0.2\bin\msvcp140.dll
0x00007ffec0fd0000 - 0x00007ffec1bd9000 	C:\Users\gunch\.jdks\corretto-16.0.2\bin\server\jvm.dll
0x00007fff320a0000 - 0x00007fff32153000 	C:\WINDOWS\System32\ADVAPI32.dll
0x00007fff30510000 - 0x00007fff305b6000 	C:\WINDOWS\System32\sechost.dll
0x00007fff31f80000 - 0x00007fff32095000 	C:\WINDOWS\System32\RPCRT4.dll
0x00007fff31f70000 - 0x00007fff31f78000 	C:\WINDOWS\System32\PSAPI.DLL
0x00007fff2cae0000 - 0x00007fff2cb15000 	C:\WINDOWS\SYSTEM32\WINMM.dll
0x00007fff19220000 - 0x00007fff1922b000 	C:\WINDOWS\SYSTEM32\VERSION.dll
0x00007fff0bdb0000 - 0x00007fff0bdba000 	C:\WINDOWS\SYSTEM32\WSOCK32.dll
0x00007fff305c0000 - 0x00007fff30634000 	C:\WINDOWS\System32\ws2_32.DLL
0x00007fff2e250000 - 0x00007fff2e26b000 	C:\WINDOWS\SYSTEM32\kernel.appcore.dll
0x00007fff18da0000 - 0x00007fff18daa000 	C:\Users\gunch\.jdks\corretto-16.0.2\bin\jimage.dll
0x00007fff2c850000 - 0x00007fff2ca91000 	C:\WINDOWS\SYSTEM32\DBGHELP.DLL
0x00007fff308b0000 - 0x00007fff30c35000 	C:\WINDOWS\System32\combase.dll
0x00007fff31d90000 - 0x00007fff31e71000 	C:\WINDOWS\System32\OLEAUT32.dll
0x00007fff2caa0000 - 0x00007fff2cad9000 	C:\WINDOWS\SYSTEM32\dbgcore.DLL
0x00007fff2f9b0000 - 0x00007fff2fa49000 	C:\WINDOWS\System32\bcryptPrimitives.dll
0x00007fff03fb0000 - 0x00007fff03fd5000 	C:\Users\gunch\.jdks\corretto-16.0.2\bin\java.dll
0x00007fff31550000 - 0x00007fff31c92000 	C:\WINDOWS\System32\SHELL32.dll
0x00007fff2fa50000 - 0x00007fff2fbc4000 	C:\WINDOWS\System32\wintypes.dll
0x00007fff2cfc0000 - 0x00007fff2d818000 	C:\WINDOWS\SYSTEM32\windows.storage.dll
0x00007fff30390000 - 0x00007fff30481000 	C:\WINDOWS\System32\SHCORE.dll
0x00007fff31f00000 - 0x00007fff31f6a000 	C:\WINDOWS\System32\shlwapi.dll
0x00007fff2f280000 - 0x00007fff2f2af000 	C:\WINDOWS\SYSTEM32\profapi.dll
0x00007fff05510000 - 0x00007fff05529000 	C:\Users\gunch\.jdks\corretto-16.0.2\bin\net.dll
0x00007fff25e20000 - 0x00007fff25f3e000 	C:\WINDOWS\SYSTEM32\WINHTTP.dll
0x00007fff2e7c0000 - 0x00007fff2e82a000 	C:\WINDOWS\system32\mswsock.dll
0x00007fff03a20000 - 0x00007fff03a33000 	C:\Users\gunch\.jdks\corretto-16.0.2\bin\nio.dll
0x00007fff03580000 - 0x00007fff03598000 	C:\Users\gunch\.jdks\corretto-16.0.2\bin\zip.dll
0x00007fff0a420000 - 0x00007fff0a430000 	C:\Users\gunch\.jdks\corretto-16.0.2\bin\verify.dll
0x00007fff05b40000 - 0x00007fff05b67000 	C:\Users\gunch\.gradle\native\68d5fa5c4cc2d200863cafc0d521ce42e7d3e7ee720ec0a83991735586a16f82\windows-amd64\native-platform.dll
0x00007ffee9930000 - 0x00007ffee9a74000 	C:\Users\gunch\.gradle\native\e376f236ea51e6404a007f0833ffe2c6e607c4080706a723a18a27aeea778392\windows-amd64\native-platform-file-events.dll
0x00007fff18db0000 - 0x00007fff18db9000 	C:\Users\gunch\.jdks\corretto-16.0.2\bin\management.dll
0x00007fff06bb0000 - 0x00007fff06bbb000 	C:\Users\gunch\.jdks\corretto-16.0.2\bin\management_ext.dll
0x00007fff2ea70000 - 0x00007fff2ea8b000 	C:\WINDOWS\SYSTEM32\CRYPTSP.dll
0x00007fff2e1b0000 - 0x00007fff2e1ea000 	C:\WINDOWS\system32\rsaenh.dll
0x00007fff2e860000 - 0x00007fff2e88b000 	C:\WINDOWS\SYSTEM32\USERENV.dll
0x00007fff2f250000 - 0x00007fff2f276000 	C:\WINDOWS\SYSTEM32\bcrypt.dll
0x00007fff2ea90000 - 0x00007fff2ea9c000 	C:\WINDOWS\SYSTEM32\CRYPTBASE.dll
0x00007fff2dbf0000 - 0x00007fff2dc23000 	C:\WINDOWS\SYSTEM32\IPHLPAPI.DLL
0x00007fff31d80000 - 0x00007fff31d8a000 	C:\WINDOWS\System32\NSI.dll
0x00007fff26030000 - 0x00007fff2604f000 	C:\WINDOWS\SYSTEM32\dhcpcsvc6.DLL
0x00007fff26000000 - 0x00007fff26025000 	C:\WINDOWS\SYSTEM32\dhcpcsvc.DLL
0x00007fff2dc90000 - 0x00007fff2ddb7000 	C:\WINDOWS\SYSTEM32\DNSAPI.dll
0x00007fff06a60000 - 0x00007fff06a6e000 	C:\Users\gunch\.jdks\corretto-16.0.2\bin\sunmscapi.dll
0x00007fff2f650000 - 0x00007fff2f7c7000 	C:\WINDOWS\System32\CRYPT32.dll
0x00007fff2ec90000 - 0x00007fff2ecc0000 	C:\WINDOWS\SYSTEM32\ncrypt.dll
0x00007fff2ec40000 - 0x00007fff2ec7f000 	C:\WINDOWS\SYSTEM32\NTASN1.dll
0x00007fff19a50000 - 0x00007fff19a58000 	C:\WINDOWS\system32\wshunix.dll

dbghelp: loaded successfully - version: 4.0.5 - missing functions: none
symbol engine: initialized successfully - sym options: 0x614 - pdb path: .;C:\Users\gunch\.jdks\corretto-16.0.2\bin;C:\WINDOWS\SYSTEM32;C:\WINDOWS\WinSxS\amd64_microsoft.windows.common-controls_6595b64144ccf1df_6.0.26100.4202_none_3e0698d4e335f517;C:\Users\gunch\.jdks\corretto-16.0.2\bin\server;C:\Users\gunch\.gradle\native\68d5fa5c4cc2d200863cafc0d521ce42e7d3e7ee720ec0a83991735586a16f82\windows-amd64;C:\Users\gunch\.gradle\native\e376f236ea51e6404a007f0833ffe2c6e607c4080706a723a18a27aeea778392\windows-amd64

VM Arguments:
jvm_args: --add-opens=java.base/java.util=ALL-UNNAMED --add-opens=java.base/java.lang=ALL-UNNAMED --add-opens=java.base/java.lang.invoke=ALL-UNNAMED --add-opens=java.prefs/java.util.prefs=ALL-UNNAMED --add-opens=java.base/java.nio.charset=ALL-UNNAMED --add-opens=java.base/java.net=ALL-UNNAMED --add-opens=java.base/java.util.concurrent.atomic=ALL-UNNAMED -XX:MaxMetaspaceSize=256m -XX:+HeapDumpOnOutOfMemoryError -Xms256m -Xmx512m -Dfile.encoding=UTF-8 -Duser.country=US -Duser.language=en -Duser.variant 
java_command: org.gradle.launcher.daemon.bootstrap.GradleDaemon 7.6
java_class_path (initial): C:\Users\gunch\.gradle\wrapper\dists\gradle-7.6-bin\9l9tetv7ltxvx3i8an4pb86ye\gradle-7.6\lib\gradle-launcher-7.6.jar
Launcher Type: SUN_STANDARD

[Global flags]
     intx CICompilerCount                          = 4                                         {product} {ergonomic}
   size_t CompressedClassSpaceSize                 = 218103808                                 {product} {ergonomic}
     uint ConcGCThreads                            = 3                                         {product} {ergonomic}
     uint G1ConcRefinementThreads                  = 10                                        {product} {ergonomic}
   size_t G1HeapRegionSize                         = 1048576                                   {product} {ergonomic}
    uintx GCDrainStackTargetSize                   = 64                                        {product} {ergonomic}
     bool HeapDumpOnOutOfMemoryError               = true                                   {manageable} {command line}
   size_t InitialHeapSize                          = 268435456                                 {product} {command line}
   size_t MarkStackSize                            = 4194304                                   {product} {ergonomic}
   size_t MaxHeapSize                              = 536870912                                 {product} {command line}
   size_t MaxMetaspaceSize                         = 268435456                                 {product} {command line}
   size_t MaxNewSize                               = 321912832                                 {product} {ergonomic}
   size_t MinHeapDeltaBytes                        = 1048576                                   {product} {ergonomic}
   size_t MinHeapSize                              = 268435456                                 {product} {command line}
    uintx NonNMethodCodeHeapSize                   = 5839372                                {pd product} {ergonomic}
    uintx NonProfiledCodeHeapSize                  = 122909434                              {pd product} {ergonomic}
    uintx ProfiledCodeHeapSize                     = 122909434                              {pd product} {ergonomic}
    uintx ReservedCodeCacheSize                    = 251658240                              {pd product} {ergonomic}
     bool SegmentedCodeCache                       = true                                      {product} {ergonomic}
   size_t SoftMaxHeapSize                          = 536870912                              {manageable} {ergonomic}
     bool UseCompressedClassPointers               = true                           {product lp64_product} {ergonomic}
     bool UseCompressedOops                        = true                           {product lp64_product} {ergonomic}
     bool UseG1GC                                  = true                                      {product} {ergonomic}
     bool UseLargePagesIndividualAllocation        = false                                  {pd product} {ergonomic}

Logging:
Log output configuration:
 #0: stdout all=warning uptime,level,tags
 #1: stderr all=off uptime,level,tags

Environment Variables:
PATH=C:\Program Files\Common Files\Oracle\Java\javapath;C:\Python312\Scripts\;C:\Python312\;C:\WINDOWS\system32;C:\WINDOWS;C:\WINDOWS\System32\Wbem;C:\WINDOWS\System32\WindowsPowerShell\v1.0\;C:\WINDOWS\System32\OpenSSH\;C:\Program Files\Amazon\AWSCLIV2\;C:\Program Files (x86)\Nodist\bin;C:\Users\gunch;C:\Program Files\nodejs;C:\Program Files\nodejs\;C:\ProgramData\chocolatey\bin;C:\Program Files\PowerShell\7-preview\preview;C:\Program Files\PowerShell\7\;C:\Program Files\Docker\Docker\resources\bin;C:\Users\gunch\AppData\Local\Microsoft\WindowsApps;C:\Users\gunch\AppData\Local\GitHubDesktop\bin;C:\Users\gunch;C:\Program Files\nodejs;C:\Users\gunch\AppData\Local\Microsoft\WinGet\Packages\Schniz.fnm_Microsoft.Winget.Source_8wekyb3d8bbwe;C:\Users\gunch\AppData\Roaming\npm;
USERNAME=gunch
OS=Windows_NT
PROCESSOR_IDENTIFIER=Intel64 Family 6 Model 154 Stepping 4, GenuineIntel



---------------  S Y S T E M  ---------------

OS:
 Windows 10 , 64 bit Build 26100 (10.0.26100.4202)
OS uptime: 21 days 2:45 hours
Hyper-V role detected

CPU: total 12 (initial active 12) (6 cores per cpu, 2 threads per core) family 6 model 154 stepping 4 microcode 0x435, cx8, cmov, fxsr, ht, mmx, 3dnowpref, sse, sse2, sse3, ssse3, sse4.1, sse4.2, popcnt, lzcnt, tsc, tscinvbit, avx, avx2, aes, erms, clmul, bmi1, bmi2, adx, sha, fma, vzeroupper, clflush, clflushopt, clwb, hv

Memory: 4k page, system-wide physical 7750M (41M free)
TotalPageFile size 31302M (AvailPageFile size 4M)
current process WorkingSet (physical memory assigned to process): 47M, peak: 153M
current process commit charge ("private bytes"): 448M, peak: 450M

vm_info: OpenJDK 64-Bit Server VM (16.0.2+7) for windows-amd64 JRE (16.0.2+7), built on Jul 22 2021 01:11:46 by "Administrator" with MS VC++ 15.9 (VS2017)

END.
